[2020-07-24 16:53:34] lumen.ERROR: ErrorException: Undefined variable: item in /Users/brandonbezuidenhout/Documents/VaimoTest/storage/framework/views/55789dd966f20f8461d1ff9e5860fd3d602956f8.php:41
Stack trace:
#0 /Users/brandonbezuidenhout/Documents/VaimoTest/storage/framework/views/55789dd966f20f8461d1ff9e5860fd3d602956f8.php(41): Laravel\Lumen\Application->Laravel\Lumen\Concerns\{closure}(8, 'Undefined varia...', '/Users/brandonb...', 41, Array)
#1 /Users/brandonbezuidenhout/Documents/VaimoTest/vendor/illuminate/view/Engines/PhpEngine.php(42): include('/Users/brandonb...')
#2 /Users/brandonbezuidenhout/Documents/VaimoTest/vendor/illuminate/view/Engines/CompilerEngine.php(59): Illuminate\View\Engines\PhpEngine->evaluatePath('/Users/brandonb...', Array)
#3 /Users/brandonbezuidenhout/Documents/VaimoTest/vendor/illuminate/view/View.php(135): Illuminate\View\Engines\CompilerEngine->get('/Users/brandonb...', Array)
#4 /Users/brandonbezuidenhout/Documents/VaimoTest/vendor/illuminate/view/View.php(106): Illuminate\View\View->getContents()
#5 /Users/brandonbezuidenhout/Documents/VaimoTest/vendor/illuminate/view/View.php(80): Illuminate\View\View->renderContents()
#6 /Users/brandonbezuidenhout/Documents/VaimoTest/vendor/illuminate/http/Response.php(52): Illuminate\View\View->render()
#7 /Users/brandonbezuidenhout/Documents/VaimoTest/vendor/symfony/http-foundation/Response.php(197): Illuminate\Http\Response->setContent(Object(Illuminate\View\View))
#8 /Users/brandonbezuidenhout/Documents/VaimoTest/vendor/laravel/lumen-framework/src/Concerns/RoutesRequests.php(634): Symfony\Component\HttpFoundation\Response->__construct(Object(Illuminate\View\View))
#9 /Users/brandonbezuidenhout/Documents/VaimoTest/vendor/laravel/lumen-framework/src/Concerns/RoutesRequests.php(496): Laravel\Lumen\Application->prepareResponse(Object(Illuminate\View\View))
#10 /Users/brandonbezuidenhout/Documents/VaimoTest/vendor/laravel/lumen-framework/src/Concerns/RoutesRequests.php(470): Laravel\Lumen\Application->callActionOnArrayBasedRoute(Array)
#11 /Users/brandonbezuidenhout/Documents/VaimoTest/vendor/laravel/lumen-framework/src/Concerns/RoutesRequests.php(372): Laravel\Lumen\Application->handleFoundRoute(Array)
#12 /Users/brandonbezuidenhout/Documents/VaimoTest/vendor/laravel/lumen-framework/src/Concerns/RoutesRequests.php(620): Laravel\Lumen\Application->Laravel\Lumen\Concerns\{closure}()
#13 /Users/brandonbezuidenhout/Documents/VaimoTest/vendor/laravel/lumen-framework/src/Concerns/RoutesRequests.php(378): Laravel\Lumen\Application->sendThroughPipeline(Array, Object(Closure))
#14 /Users/brandonbezuidenhout/Documents/VaimoTest/vendor/laravel/lumen-framework/src/Concerns/RoutesRequests.php(323): Laravel\Lumen\Application->dispatch(Object(Illuminate\Http\Request))
#15 /Users/brandonbezuidenhout/Documents/VaimoTest/public/index.php(28): Laravel\Lumen\Application->run(Object(Illuminate\Http\Request))
#16 {main}

Next ErrorException: Undefined variable: item (View: /Users/brandonbezuidenhout/Documents/VaimoTest/resources/views/index.blade.php) in /Users/brandonbezuidenhout/Documents/VaimoTest/storage/framework/views/55789dd966f20f8461d1ff9e5860fd3d602956f8.php:41
Stack trace:
#0 /Users/brandonbezuidenhout/Documents/VaimoTest/vendor/illuminate/view/Engines/PhpEngine.php(44): Illuminate\View\Engines\CompilerEngine->handleViewException(Object(ErrorException), 0)
#1 /Users/brandonbezuidenhout/Documents/VaimoTest/vendor/illuminate/view/Engines/CompilerEngine.php(59): Illuminate\View\Engines\PhpEngine->evaluatePath('/Users/brandonb...', Array)
#2 /Users/brandonbezuidenhout/Documents/VaimoTest/vendor/illuminate/view/View.php(135): Illuminate\View\Engines\CompilerEngine->get('/Users/brandonb...', Array)
#3 /Users/brandonbezuidenhout/Documents/VaimoTest/vendor/illuminate/view/View.php(106): Illuminate\View\View->getContents()
#4 /Users/brandonbezuidenhout/Documents/VaimoTest/vendor/illuminate/view/View.php(80): Illuminate\View\View->renderContents()
#5 /Users/brandonbezuidenhout/Documents/VaimoTest/vendor/illuminate/http/Response.php(52): Illuminate\View\View->render()
#6 /Users/brandonbezuidenhout/Documents/VaimoTest/vendor/symfony/http-foundation/Response.php(197): Illuminate\Http\Response->setContent(Object(Illuminate\View\View))
#7 /Users/brandonbezuidenhout/Documents/VaimoTest/vendor/laravel/lumen-framework/src/Concerns/RoutesRequests.php(634): Symfony\Component\HttpFoundation\Response->__construct(Object(Illuminate\View\View))
#8 /Users/brandonbezuidenhout/Documents/VaimoTest/vendor/laravel/lumen-framework/src/Concerns/RoutesRequests.php(496): Laravel\Lumen\Application->prepareResponse(Object(Illuminate\View\View))
#9 /Users/brandonbezuidenhout/Documents/VaimoTest/vendor/laravel/lumen-framework/src/Concerns/RoutesRequests.php(470): Laravel\Lumen\Application->callActionOnArrayBasedRoute(Array)
#10 /Users/brandonbezuidenhout/Documents/VaimoTest/vendor/laravel/lumen-framework/src/Concerns/RoutesRequests.php(372): Laravel\Lumen\Application->handleFoundRoute(Array)
#11 /Users/brandonbezuidenhout/Documents/VaimoTest/vendor/laravel/lumen-framework/src/Concerns/RoutesRequests.php(620): Laravel\Lumen\Application->Laravel\Lumen\Concerns\{closure}()
#12 /Users/brandonbezuidenhout/Documents/VaimoTest/vendor/laravel/lumen-framework/src/Concerns/RoutesRequests.php(378): Laravel\Lumen\Application->sendThroughPipeline(Array, Object(Closure))
#13 /Users/brandonbezuidenhout/Documents/VaimoTest/vendor/laravel/lumen-framework/src/Concerns/RoutesRequests.php(323): Laravel\Lumen\Application->dispatch(Object(Illuminate\Http\Request))
#14 /Users/brandonbezuidenhout/Documents/VaimoTest/public/index.php(28): Laravel\Lumen\Application->run(Object(Illuminate\Http\Request))
#15 {main}  
[2020-07-24 16:53:36] lumen.ERROR: ErrorException: Undefined variable: item in /Users/brandonbezuidenhout/Documents/VaimoTest/storage/framework/views/55789dd966f20f8461d1ff9e5860fd3d602956f8.php:41
Stack trace:
#0 /Users/brandonbezuidenhout/Documents/VaimoTest/storage/framework/views/55789dd966f20f8461d1ff9e5860fd3d602956f8.php(41): Laravel\Lumen\Application->Laravel\Lumen\Concerns\{closure}(8, 'Undefined varia...', '/Users/brandonb...', 41, Array)
#1 /Users/brandonbezuidenhout/Documents/VaimoTest/vendor/illuminate/view/Engines/PhpEngine.php(42): include('/Users/brandonb...')
#2 /Users/brandonbezuidenhout/Documents/VaimoTest/vendor/illuminate/view/Engines/CompilerEngine.php(59): Illuminate\View\Engines\PhpEngine->evaluatePath('/Users/brandonb...', Array)
#3 /Users/brandonbezuidenhout/Documents/VaimoTest/vendor/illuminate/view/View.php(135): Illuminate\View\Engines\CompilerEngine->get('/Users/brandonb...', Array)
#4 /Users/brandonbezuidenhout/Documents/VaimoTest/vendor/illuminate/view/View.php(106): Illuminate\View\View->getContents()
#5 /Users/brandonbezuidenhout/Documents/VaimoTest/vendor/illuminate/view/View.php(80): Illuminate\View\View->renderContents()
#6 /Users/brandonbezuidenhout/Documents/VaimoTest/vendor/illuminate/http/Response.php(52): Illuminate\View\View->render()
#7 /Users/brandonbezuidenhout/Documents/VaimoTest/vendor/symfony/http-foundation/Response.php(197): Illuminate\Http\Response->setContent(Object(Illuminate\View\View))
#8 /Users/brandonbezuidenhout/Documents/VaimoTest/vendor/laravel/lumen-framework/src/Concerns/RoutesRequests.php(634): Symfony\Component\HttpFoundation\Response->__construct(Object(Illuminate\View\View))
#9 /Users/brandonbezuidenhout/Documents/VaimoTest/vendor/laravel/lumen-framework/src/Concerns/RoutesRequests.php(496): Laravel\Lumen\Application->prepareResponse(Object(Illuminate\View\View))
#10 /Users/brandonbezuidenhout/Documents/VaimoTest/vendor/laravel/lumen-framework/src/Concerns/RoutesRequests.php(470): Laravel\Lumen\Application->callActionOnArrayBasedRoute(Array)
#11 /Users/brandonbezuidenhout/Documents/VaimoTest/vendor/laravel/lumen-framework/src/Concerns/RoutesRequests.php(372): Laravel\Lumen\Application->handleFoundRoute(Array)
#12 /Users/brandonbezuidenhout/Documents/VaimoTest/vendor/laravel/lumen-framework/src/Concerns/RoutesRequests.php(620): Laravel\Lumen\Application->Laravel\Lumen\Concerns\{closure}()
#13 /Users/brandonbezuidenhout/Documents/VaimoTest/vendor/laravel/lumen-framework/src/Concerns/RoutesRequests.php(378): Laravel\Lumen\Application->sendThroughPipeline(Array, Object(Closure))
#14 /Users/brandonbezuidenhout/Documents/VaimoTest/vendor/laravel/lumen-framework/src/Concerns/RoutesRequests.php(323): Laravel\Lumen\Application->dispatch(Object(Illuminate\Http\Request))
#15 /Users/brandonbezuidenhout/Documents/VaimoTest/public/index.php(28): Laravel\Lumen\Application->run(Object(Illuminate\Http\Request))
#16 {main}

Next ErrorException: Undefined variable: item (View: /Users/brandonbezuidenhout/Documents/VaimoTest/resources/views/index.blade.php) in /Users/brandonbezuidenhout/Documents/VaimoTest/storage/framework/views/55789dd966f20f8461d1ff9e5860fd3d602956f8.php:41
Stack trace:
#0 /Users/brandonbezuidenhout/Documents/VaimoTest/vendor/illuminate/view/Engines/PhpEngine.php(44): Illuminate\View\Engines\CompilerEngine->handleViewException(Object(ErrorException), 0)
#1 /Users/brandonbezuidenhout/Documents/VaimoTest/vendor/illuminate/view/Engines/CompilerEngine.php(59): Illuminate\View\Engines\PhpEngine->evaluatePath('/Users/brandonb...', Array)
#2 /Users/brandonbezuidenhout/Documents/VaimoTest/vendor/illuminate/view/View.php(135): Illuminate\View\Engines\CompilerEngine->get('/Users/brandonb...', Array)
#3 /Users/brandonbezuidenhout/Documents/VaimoTest/vendor/illuminate/view/View.php(106): Illuminate\View\View->getContents()
#4 /Users/brandonbezuidenhout/Documents/VaimoTest/vendor/illuminate/view/View.php(80): Illuminate\View\View->renderContents()
#5 /Users/brandonbezuidenhout/Documents/VaimoTest/vendor/illuminate/http/Response.php(52): Illuminate\View\View->render()
#6 /Users/brandonbezuidenhout/Documents/VaimoTest/vendor/symfony/http-foundation/Response.php(197): Illuminate\Http\Response->setContent(Object(Illuminate\View\View))
#7 /Users/brandonbezuidenhout/Documents/VaimoTest/vendor/laravel/lumen-framework/src/Concerns/RoutesRequests.php(634): Symfony\Component\HttpFoundation\Response->__construct(Object(Illuminate\View\View))
#8 /Users/brandonbezuidenhout/Documents/VaimoTest/vendor/laravel/lumen-framework/src/Concerns/RoutesRequests.php(496): Laravel\Lumen\Application->prepareResponse(Object(Illuminate\View\View))
#9 /Users/brandonbezuidenhout/Documents/VaimoTest/vendor/laravel/lumen-framework/src/Concerns/RoutesRequests.php(470): Laravel\Lumen\Application->callActionOnArrayBasedRoute(Array)
#10 /Users/brandonbezuidenhout/Documents/VaimoTest/vendor/laravel/lumen-framework/src/Concerns/RoutesRequests.php(372): Laravel\Lumen\Application->handleFoundRoute(Array)
#11 /Users/brandonbezuidenhout/Documents/VaimoTest/vendor/laravel/lumen-framework/src/Concerns/RoutesRequests.php(620): Laravel\Lumen\Application->Laravel\Lumen\Concerns\{closure}()
#12 /Users/brandonbezuidenhout/Documents/VaimoTest/vendor/laravel/lumen-framework/src/Concerns/RoutesRequests.php(378): Laravel\Lumen\Application->sendThroughPipeline(Array, Object(Closure))
#13 /Users/brandonbezuidenhout/Documents/VaimoTest/vendor/laravel/lumen-framework/src/Concerns/RoutesRequests.php(323): Laravel\Lumen\Application->dispatch(Object(Illuminate\Http\Request))
#14 /Users/brandonbezuidenhout/Documents/VaimoTest/public/index.php(28): Laravel\Lumen\Application->run(Object(Illuminate\Http\Request))
#15 {main}  
[2020-07-24 16:54:55] lumen.ERROR: ErrorException: Undefined property: Illuminate\Http\JsonResponse::$totalItems in /Users/brandonbezuidenhout/Documents/VaimoTest/storage/framework/views/55789dd966f20f8461d1ff9e5860fd3d602956f8.php:41
Stack trace:
#0 /Users/brandonbezuidenhout/Documents/VaimoTest/storage/framework/views/55789dd966f20f8461d1ff9e5860fd3d602956f8.php(41): Laravel\Lumen\Application->Laravel\Lumen\Concerns\{closure}(8, 'Undefined prope...', '/Users/brandonb...', 41, Array)
#1 /Users/brandonbezuidenhout/Documents/VaimoTest/vendor/illuminate/view/Engines/PhpEngine.php(42): include('/Users/brandonb...')
#2 /Users/brandonbezuidenhout/Documents/VaimoTest/vendor/illuminate/view/Engines/CompilerEngine.php(59): Illuminate\View\Engines\PhpEngine->evaluatePath('/Users/brandonb...', Array)
#3 /Users/brandonbezuidenhout/Documents/VaimoTest/vendor/illuminate/view/View.php(135): Illuminate\View\Engines\CompilerEngine->get('/Users/brandonb...', Array)
#4 /Users/brandonbezuidenhout/Documents/VaimoTest/vendor/illuminate/view/View.php(106): Illuminate\View\View->getContents()
#5 /Users/brandonbezuidenhout/Documents/VaimoTest/vendor/illuminate/view/View.php(80): Illuminate\View\View->renderContents()
#6 /Users/brandonbezuidenhout/Documents/VaimoTest/vendor/illuminate/http/Response.php(52): Illuminate\View\View->render()
#7 /Users/brandonbezuidenhout/Documents/VaimoTest/vendor/symfony/http-foundation/Response.php(197): Illuminate\Http\Response->setContent(Object(Illuminate\View\View))
#8 /Users/brandonbezuidenhout/Documents/VaimoTest/vendor/laravel/lumen-framework/src/Concerns/RoutesRequests.php(634): Symfony\Component\HttpFoundation\Response->__construct(Object(Illuminate\View\View))
#9 /Users/brandonbezuidenhout/Documents/VaimoTest/vendor/laravel/lumen-framework/src/Concerns/RoutesRequests.php(496): Laravel\Lumen\Application->prepareResponse(Object(Illuminate\View\View))
#10 /Users/brandonbezuidenhout/Documents/VaimoTest/vendor/laravel/lumen-framework/src/Concerns/RoutesRequests.php(470): Laravel\Lumen\Application->callActionOnArrayBasedRoute(Array)
#11 /Users/brandonbezuidenhout/Documents/VaimoTest/vendor/laravel/lumen-framework/src/Concerns/RoutesRequests.php(372): Laravel\Lumen\Application->handleFoundRoute(Array)
#12 /Users/brandonbezuidenhout/Documents/VaimoTest/vendor/laravel/lumen-framework/src/Concerns/RoutesRequests.php(620): Laravel\Lumen\Application->Laravel\Lumen\Concerns\{closure}()
#13 /Users/brandonbezuidenhout/Documents/VaimoTest/vendor/laravel/lumen-framework/src/Concerns/RoutesRequests.php(378): Laravel\Lumen\Application->sendThroughPipeline(Array, Object(Closure))
#14 /Users/brandonbezuidenhout/Documents/VaimoTest/vendor/laravel/lumen-framework/src/Concerns/RoutesRequests.php(323): Laravel\Lumen\Application->dispatch(Object(Illuminate\Http\Request))
#15 /Users/brandonbezuidenhout/Documents/VaimoTest/public/index.php(28): Laravel\Lumen\Application->run(Object(Illuminate\Http\Request))
#16 {main}

Next ErrorException: Undefined property: Illuminate\Http\JsonResponse::$totalItems (View: /Users/brandonbezuidenhout/Documents/VaimoTest/resources/views/index.blade.php) in /Users/brandonbezuidenhout/Documents/VaimoTest/storage/framework/views/55789dd966f20f8461d1ff9e5860fd3d602956f8.php:41
Stack trace:
#0 /Users/brandonbezuidenhout/Documents/VaimoTest/vendor/illuminate/view/Engines/PhpEngine.php(44): Illuminate\View\Engines\CompilerEngine->handleViewException(Object(ErrorException), 0)
#1 /Users/brandonbezuidenhout/Documents/VaimoTest/vendor/illuminate/view/Engines/CompilerEngine.php(59): Illuminate\View\Engines\PhpEngine->evaluatePath('/Users/brandonb...', Array)
#2 /Users/brandonbezuidenhout/Documents/VaimoTest/vendor/illuminate/view/View.php(135): Illuminate\View\Engines\CompilerEngine->get('/Users/brandonb...', Array)
#3 /Users/brandonbezuidenhout/Documents/VaimoTest/vendor/illuminate/view/View.php(106): Illuminate\View\View->getContents()
#4 /Users/brandonbezuidenhout/Documents/VaimoTest/vendor/illuminate/view/View.php(80): Illuminate\View\View->renderContents()
#5 /Users/brandonbezuidenhout/Documents/VaimoTest/vendor/illuminate/http/Response.php(52): Illuminate\View\View->render()
#6 /Users/brandonbezuidenhout/Documents/VaimoTest/vendor/symfony/http-foundation/Response.php(197): Illuminate\Http\Response->setContent(Object(Illuminate\View\View))
#7 /Users/brandonbezuidenhout/Documents/VaimoTest/vendor/laravel/lumen-framework/src/Concerns/RoutesRequests.php(634): Symfony\Component\HttpFoundation\Response->__construct(Object(Illuminate\View\View))
#8 /Users/brandonbezuidenhout/Documents/VaimoTest/vendor/laravel/lumen-framework/src/Concerns/RoutesRequests.php(496): Laravel\Lumen\Application->prepareResponse(Object(Illuminate\View\View))
#9 /Users/brandonbezuidenhout/Documents/VaimoTest/vendor/laravel/lumen-framework/src/Concerns/RoutesRequests.php(470): Laravel\Lumen\Application->callActionOnArrayBasedRoute(Array)
#10 /Users/brandonbezuidenhout/Documents/VaimoTest/vendor/laravel/lumen-framework/src/Concerns/RoutesRequests.php(372): Laravel\Lumen\Application->handleFoundRoute(Array)
#11 /Users/brandonbezuidenhout/Documents/VaimoTest/vendor/laravel/lumen-framework/src/Concerns/RoutesRequests.php(620): Laravel\Lumen\Application->Laravel\Lumen\Concerns\{closure}()
#12 /Users/brandonbezuidenhout/Documents/VaimoTest/vendor/laravel/lumen-framework/src/Concerns/RoutesRequests.php(378): Laravel\Lumen\Application->sendThroughPipeline(Array, Object(Closure))
#13 /Users/brandonbezuidenhout/Documents/VaimoTest/vendor/laravel/lumen-framework/src/Concerns/RoutesRequests.php(323): Laravel\Lumen\Application->dispatch(Object(Illuminate\Http\Request))
#14 /Users/brandonbezuidenhout/Documents/VaimoTest/public/index.php(28): Laravel\Lumen\Application->run(Object(Illuminate\Http\Request))
#15 {main}  
[2020-07-24 16:54:56] lumen.ERROR: ErrorException: Undefined property: Illuminate\Http\JsonResponse::$totalItems in /Users/brandonbezuidenhout/Documents/VaimoTest/storage/framework/views/55789dd966f20f8461d1ff9e5860fd3d602956f8.php:41
Stack trace:
#0 /Users/brandonbezuidenhout/Documents/VaimoTest/storage/framework/views/55789dd966f20f8461d1ff9e5860fd3d602956f8.php(41): Laravel\Lumen\Application->Laravel\Lumen\Concerns\{closure}(8, 'Undefined prope...', '/Users/brandonb...', 41, Array)
#1 /Users/brandonbezuidenhout/Documents/VaimoTest/vendor/illuminate/view/Engines/PhpEngine.php(42): include('/Users/brandonb...')
#2 /Users/brandonbezuidenhout/Documents/VaimoTest/vendor/illuminate/view/Engines/CompilerEngine.php(59): Illuminate\View\Engines\PhpEngine->evaluatePath('/Users/brandonb...', Array)
#3 /Users/brandonbezuidenhout/Documents/VaimoTest/vendor/illuminate/view/View.php(135): Illuminate\View\Engines\CompilerEngine->get('/Users/brandonb...', Array)
#4 /Users/brandonbezuidenhout/Documents/VaimoTest/vendor/illuminate/view/View.php(106): Illuminate\View\View->getContents()
#5 /Users/brandonbezuidenhout/Documents/VaimoTest/vendor/illuminate/view/View.php(80): Illuminate\View\View->renderContents()
#6 /Users/brandonbezuidenhout/Documents/VaimoTest/vendor/illuminate/http/Response.php(52): Illuminate\View\View->render()
#7 /Users/brandonbezuidenhout/Documents/VaimoTest/vendor/symfony/http-foundation/Response.php(197): Illuminate\Http\Response->setContent(Object(Illuminate\View\View))
#8 /Users/brandonbezuidenhout/Documents/VaimoTest/vendor/laravel/lumen-framework/src/Concerns/RoutesRequests.php(634): Symfony\Component\HttpFoundation\Response->__construct(Object(Illuminate\View\View))
#9 /Users/brandonbezuidenhout/Documents/VaimoTest/vendor/laravel/lumen-framework/src/Concerns/RoutesRequests.php(496): Laravel\Lumen\Application->prepareResponse(Object(Illuminate\View\View))
#10 /Users/brandonbezuidenhout/Documents/VaimoTest/vendor/laravel/lumen-framework/src/Concerns/RoutesRequests.php(470): Laravel\Lumen\Application->callActionOnArrayBasedRoute(Array)
#11 /Users/brandonbezuidenhout/Documents/VaimoTest/vendor/laravel/lumen-framework/src/Concerns/RoutesRequests.php(372): Laravel\Lumen\Application->handleFoundRoute(Array)
#12 /Users/brandonbezuidenhout/Documents/VaimoTest/vendor/laravel/lumen-framework/src/Concerns/RoutesRequests.php(620): Laravel\Lumen\Application->Laravel\Lumen\Concerns\{closure}()
#13 /Users/brandonbezuidenhout/Documents/VaimoTest/vendor/laravel/lumen-framework/src/Concerns/RoutesRequests.php(378): Laravel\Lumen\Application->sendThroughPipeline(Array, Object(Closure))
#14 /Users/brandonbezuidenhout/Documents/VaimoTest/vendor/laravel/lumen-framework/src/Concerns/RoutesRequests.php(323): Laravel\Lumen\Application->dispatch(Object(Illuminate\Http\Request))
#15 /Users/brandonbezuidenhout/Documents/VaimoTest/public/index.php(28): Laravel\Lumen\Application->run(Object(Illuminate\Http\Request))
#16 {main}

Next ErrorException: Undefined property: Illuminate\Http\JsonResponse::$totalItems (View: /Users/brandonbezuidenhout/Documents/VaimoTest/resources/views/index.blade.php) in /Users/brandonbezuidenhout/Documents/VaimoTest/storage/framework/views/55789dd966f20f8461d1ff9e5860fd3d602956f8.php:41
Stack trace:
#0 /Users/brandonbezuidenhout/Documents/VaimoTest/vendor/illuminate/view/Engines/PhpEngine.php(44): Illuminate\View\Engines\CompilerEngine->handleViewException(Object(ErrorException), 0)
#1 /Users/brandonbezuidenhout/Documents/VaimoTest/vendor/illuminate/view/Engines/CompilerEngine.php(59): Illuminate\View\Engines\PhpEngine->evaluatePath('/Users/brandonb...', Array)
#2 /Users/brandonbezuidenhout/Documents/VaimoTest/vendor/illuminate/view/View.php(135): Illuminate\View\Engines\CompilerEngine->get('/Users/brandonb...', Array)
#3 /Users/brandonbezuidenhout/Documents/VaimoTest/vendor/illuminate/view/View.php(106): Illuminate\View\View->getContents()
#4 /Users/brandonbezuidenhout/Documents/VaimoTest/vendor/illuminate/view/View.php(80): Illuminate\View\View->renderContents()
#5 /Users/brandonbezuidenhout/Documents/VaimoTest/vendor/illuminate/http/Response.php(52): Illuminate\View\View->render()
#6 /Users/brandonbezuidenhout/Documents/VaimoTest/vendor/symfony/http-foundation/Response.php(197): Illuminate\Http\Response->setContent(Object(Illuminate\View\View))
#7 /Users/brandonbezuidenhout/Documents/VaimoTest/vendor/laravel/lumen-framework/src/Concerns/RoutesRequests.php(634): Symfony\Component\HttpFoundation\Response->__construct(Object(Illuminate\View\View))
#8 /Users/brandonbezuidenhout/Documents/VaimoTest/vendor/laravel/lumen-framework/src/Concerns/RoutesRequests.php(496): Laravel\Lumen\Application->prepareResponse(Object(Illuminate\View\View))
#9 /Users/brandonbezuidenhout/Documents/VaimoTest/vendor/laravel/lumen-framework/src/Concerns/RoutesRequests.php(470): Laravel\Lumen\Application->callActionOnArrayBasedRoute(Array)
#10 /Users/brandonbezuidenhout/Documents/VaimoTest/vendor/laravel/lumen-framework/src/Concerns/RoutesRequests.php(372): Laravel\Lumen\Application->handleFoundRoute(Array)
#11 /Users/brandonbezuidenhout/Documents/VaimoTest/vendor/laravel/lumen-framework/src/Concerns/RoutesRequests.php(620): Laravel\Lumen\Application->Laravel\Lumen\Concerns\{closure}()
#12 /Users/brandonbezuidenhout/Documents/VaimoTest/vendor/laravel/lumen-framework/src/Concerns/RoutesRequests.php(378): Laravel\Lumen\Application->sendThroughPipeline(Array, Object(Closure))
#13 /Users/brandonbezuidenhout/Documents/VaimoTest/vendor/laravel/lumen-framework/src/Concerns/RoutesRequests.php(323): Laravel\Lumen\Application->dispatch(Object(Illuminate\Http\Request))
#14 /Users/brandonbezuidenhout/Documents/VaimoTest/public/index.php(28): Laravel\Lumen\Application->run(Object(Illuminate\Http\Request))
#15 {main}  
[2020-07-24 16:56:05] lumen.ERROR: ErrorException: Trying to get property 'totalItems' of non-object in /Users/brandonbezuidenhout/Documents/VaimoTest/storage/framework/views/55789dd966f20f8461d1ff9e5860fd3d602956f8.php:42
Stack trace:
#0 /Users/brandonbezuidenhout/Documents/VaimoTest/storage/framework/views/55789dd966f20f8461d1ff9e5860fd3d602956f8.php(42): Laravel\Lumen\Application->Laravel\Lumen\Concerns\{closure}(8, 'Trying to get p...', '/Users/brandonb...', 42, Array)
#1 /Users/brandonbezuidenhout/Documents/VaimoTest/vendor/illuminate/view/Engines/PhpEngine.php(42): include('/Users/brandonb...')
#2 /Users/brandonbezuidenhout/Documents/VaimoTest/vendor/illuminate/view/Engines/CompilerEngine.php(59): Illuminate\View\Engines\PhpEngine->evaluatePath('/Users/brandonb...', Array)
#3 /Users/brandonbezuidenhout/Documents/VaimoTest/vendor/illuminate/view/View.php(135): Illuminate\View\Engines\CompilerEngine->get('/Users/brandonb...', Array)
#4 /Users/brandonbezuidenhout/Documents/VaimoTest/vendor/illuminate/view/View.php(106): Illuminate\View\View->getContents()
#5 /Users/brandonbezuidenhout/Documents/VaimoTest/vendor/illuminate/view/View.php(80): Illuminate\View\View->renderContents()
#6 /Users/brandonbezuidenhout/Documents/VaimoTest/vendor/illuminate/http/Response.php(52): Illuminate\View\View->render()
#7 /Users/brandonbezuidenhout/Documents/VaimoTest/vendor/symfony/http-foundation/Response.php(197): Illuminate\Http\Response->setContent(Object(Illuminate\View\View))
#8 /Users/brandonbezuidenhout/Documents/VaimoTest/vendor/laravel/lumen-framework/src/Concerns/RoutesRequests.php(634): Symfony\Component\HttpFoundation\Response->__construct(Object(Illuminate\View\View))
#9 /Users/brandonbezuidenhout/Documents/VaimoTest/vendor/laravel/lumen-framework/src/Concerns/RoutesRequests.php(496): Laravel\Lumen\Application->prepareResponse(Object(Illuminate\View\View))
#10 /Users/brandonbezuidenhout/Documents/VaimoTest/vendor/laravel/lumen-framework/src/Concerns/RoutesRequests.php(470): Laravel\Lumen\Application->callActionOnArrayBasedRoute(Array)
#11 /Users/brandonbezuidenhout/Documents/VaimoTest/vendor/laravel/lumen-framework/src/Concerns/RoutesRequests.php(372): Laravel\Lumen\Application->handleFoundRoute(Array)
#12 /Users/brandonbezuidenhout/Documents/VaimoTest/vendor/laravel/lumen-framework/src/Concerns/RoutesRequests.php(620): Laravel\Lumen\Application->Laravel\Lumen\Concerns\{closure}()
#13 /Users/brandonbezuidenhout/Documents/VaimoTest/vendor/laravel/lumen-framework/src/Concerns/RoutesRequests.php(378): Laravel\Lumen\Application->sendThroughPipeline(Array, Object(Closure))
#14 /Users/brandonbezuidenhout/Documents/VaimoTest/vendor/laravel/lumen-framework/src/Concerns/RoutesRequests.php(323): Laravel\Lumen\Application->dispatch(Object(Illuminate\Http\Request))
#15 /Users/brandonbezuidenhout/Documents/VaimoTest/public/index.php(28): Laravel\Lumen\Application->run(Object(Illuminate\Http\Request))
#16 {main}

Next ErrorException: Trying to get property 'totalItems' of non-object (View: /Users/brandonbezuidenhout/Documents/VaimoTest/resources/views/index.blade.php) in /Users/brandonbezuidenhout/Documents/VaimoTest/storage/framework/views/55789dd966f20f8461d1ff9e5860fd3d602956f8.php:42
Stack trace:
#0 /Users/brandonbezuidenhout/Documents/VaimoTest/vendor/illuminate/view/Engines/PhpEngine.php(44): Illuminate\View\Engines\CompilerEngine->handleViewException(Object(ErrorException), 0)
#1 /Users/brandonbezuidenhout/Documents/VaimoTest/vendor/illuminate/view/Engines/CompilerEngine.php(59): Illuminate\View\Engines\PhpEngine->evaluatePath('/Users/brandonb...', Array)
#2 /Users/brandonbezuidenhout/Documents/VaimoTest/vendor/illuminate/view/View.php(135): Illuminate\View\Engines\CompilerEngine->get('/Users/brandonb...', Array)
#3 /Users/brandonbezuidenhout/Documents/VaimoTest/vendor/illuminate/view/View.php(106): Illuminate\View\View->getContents()
#4 /Users/brandonbezuidenhout/Documents/VaimoTest/vendor/illuminate/view/View.php(80): Illuminate\View\View->renderContents()
#5 /Users/brandonbezuidenhout/Documents/VaimoTest/vendor/illuminate/http/Response.php(52): Illuminate\View\View->render()
#6 /Users/brandonbezuidenhout/Documents/VaimoTest/vendor/symfony/http-foundation/Response.php(197): Illuminate\Http\Response->setContent(Object(Illuminate\View\View))
#7 /Users/brandonbezuidenhout/Documents/VaimoTest/vendor/laravel/lumen-framework/src/Concerns/RoutesRequests.php(634): Symfony\Component\HttpFoundation\Response->__construct(Object(Illuminate\View\View))
#8 /Users/brandonbezuidenhout/Documents/VaimoTest/vendor/laravel/lumen-framework/src/Concerns/RoutesRequests.php(496): Laravel\Lumen\Application->prepareResponse(Object(Illuminate\View\View))
#9 /Users/brandonbezuidenhout/Documents/VaimoTest/vendor/laravel/lumen-framework/src/Concerns/RoutesRequests.php(470): Laravel\Lumen\Application->callActionOnArrayBasedRoute(Array)
#10 /Users/brandonbezuidenhout/Documents/VaimoTest/vendor/laravel/lumen-framework/src/Concerns/RoutesRequests.php(372): Laravel\Lumen\Application->handleFoundRoute(Array)
#11 /Users/brandonbezuidenhout/Documents/VaimoTest/vendor/laravel/lumen-framework/src/Concerns/RoutesRequests.php(620): Laravel\Lumen\Application->Laravel\Lumen\Concerns\{closure}()
#12 /Users/brandonbezuidenhout/Documents/VaimoTest/vendor/laravel/lumen-framework/src/Concerns/RoutesRequests.php(378): Laravel\Lumen\Application->sendThroughPipeline(Array, Object(Closure))
#13 /Users/brandonbezuidenhout/Documents/VaimoTest/vendor/laravel/lumen-framework/src/Concerns/RoutesRequests.php(323): Laravel\Lumen\Application->dispatch(Object(Illuminate\Http\Request))
#14 /Users/brandonbezuidenhout/Documents/VaimoTest/public/index.php(28): Laravel\Lumen\Application->run(Object(Illuminate\Http\Request))
#15 {main}  
[2020-07-24 16:56:06] lumen.ERROR: ErrorException: Trying to get property 'totalItems' of non-object in /Users/brandonbezuidenhout/Documents/VaimoTest/storage/framework/views/55789dd966f20f8461d1ff9e5860fd3d602956f8.php:42
Stack trace:
#0 /Users/brandonbezuidenhout/Documents/VaimoTest/storage/framework/views/55789dd966f20f8461d1ff9e5860fd3d602956f8.php(42): Laravel\Lumen\Application->Laravel\Lumen\Concerns\{closure}(8, 'Trying to get p...', '/Users/brandonb...', 42, Array)
#1 /Users/brandonbezuidenhout/Documents/VaimoTest/vendor/illuminate/view/Engines/PhpEngine.php(42): include('/Users/brandonb...')
#2 /Users/brandonbezuidenhout/Documents/VaimoTest/vendor/illuminate/view/Engines/CompilerEngine.php(59): Illuminate\View\Engines\PhpEngine->evaluatePath('/Users/brandonb...', Array)
#3 /Users/brandonbezuidenhout/Documents/VaimoTest/vendor/illuminate/view/View.php(135): Illuminate\View\Engines\CompilerEngine->get('/Users/brandonb...', Array)
#4 /Users/brandonbezuidenhout/Documents/VaimoTest/vendor/illuminate/view/View.php(106): Illuminate\View\View->getContents()
#5 /Users/brandonbezuidenhout/Documents/VaimoTest/vendor/illuminate/view/View.php(80): Illuminate\View\View->renderContents()
#6 /Users/brandonbezuidenhout/Documents/VaimoTest/vendor/illuminate/http/Response.php(52): Illuminate\View\View->render()
#7 /Users/brandonbezuidenhout/Documents/VaimoTest/vendor/symfony/http-foundation/Response.php(197): Illuminate\Http\Response->setContent(Object(Illuminate\View\View))
#8 /Users/brandonbezuidenhout/Documents/VaimoTest/vendor/laravel/lumen-framework/src/Concerns/RoutesRequests.php(634): Symfony\Component\HttpFoundation\Response->__construct(Object(Illuminate\View\View))
#9 /Users/brandonbezuidenhout/Documents/VaimoTest/vendor/laravel/lumen-framework/src/Concerns/RoutesRequests.php(496): Laravel\Lumen\Application->prepareResponse(Object(Illuminate\View\View))
#10 /Users/brandonbezuidenhout/Documents/VaimoTest/vendor/laravel/lumen-framework/src/Concerns/RoutesRequests.php(470): Laravel\Lumen\Application->callActionOnArrayBasedRoute(Array)
#11 /Users/brandonbezuidenhout/Documents/VaimoTest/vendor/laravel/lumen-framework/src/Concerns/RoutesRequests.php(372): Laravel\Lumen\Application->handleFoundRoute(Array)
#12 /Users/brandonbezuidenhout/Documents/VaimoTest/vendor/laravel/lumen-framework/src/Concerns/RoutesRequests.php(620): Laravel\Lumen\Application->Laravel\Lumen\Concerns\{closure}()
#13 /Users/brandonbezuidenhout/Documents/VaimoTest/vendor/laravel/lumen-framework/src/Concerns/RoutesRequests.php(378): Laravel\Lumen\Application->sendThroughPipeline(Array, Object(Closure))
#14 /Users/brandonbezuidenhout/Documents/VaimoTest/vendor/laravel/lumen-framework/src/Concerns/RoutesRequests.php(323): Laravel\Lumen\Application->dispatch(Object(Illuminate\Http\Request))
#15 /Users/brandonbezuidenhout/Documents/VaimoTest/public/index.php(28): Laravel\Lumen\Application->run(Object(Illuminate\Http\Request))
#16 {main}

Next ErrorException: Trying to get property 'totalItems' of non-object (View: /Users/brandonbezuidenhout/Documents/VaimoTest/resources/views/index.blade.php) in /Users/brandonbezuidenhout/Documents/VaimoTest/storage/framework/views/55789dd966f20f8461d1ff9e5860fd3d602956f8.php:42
Stack trace:
#0 /Users/brandonbezuidenhout/Documents/VaimoTest/vendor/illuminate/view/Engines/PhpEngine.php(44): Illuminate\View\Engines\CompilerEngine->handleViewException(Object(ErrorException), 0)
#1 /Users/brandonbezuidenhout/Documents/VaimoTest/vendor/illuminate/view/Engines/CompilerEngine.php(59): Illuminate\View\Engines\PhpEngine->evaluatePath('/Users/brandonb...', Array)
#2 /Users/brandonbezuidenhout/Documents/VaimoTest/vendor/illuminate/view/View.php(135): Illuminate\View\Engines\CompilerEngine->get('/Users/brandonb...', Array)
#3 /Users/brandonbezuidenhout/Documents/VaimoTest/vendor/illuminate/view/View.php(106): Illuminate\View\View->getContents()
#4 /Users/brandonbezuidenhout/Documents/VaimoTest/vendor/illuminate/view/View.php(80): Illuminate\View\View->renderContents()
#5 /Users/brandonbezuidenhout/Documents/VaimoTest/vendor/illuminate/http/Response.php(52): Illuminate\View\View->render()
#6 /Users/brandonbezuidenhout/Documents/VaimoTest/vendor/symfony/http-foundation/Response.php(197): Illuminate\Http\Response->setContent(Object(Illuminate\View\View))
#7 /Users/brandonbezuidenhout/Documents/VaimoTest/vendor/laravel/lumen-framework/src/Concerns/RoutesRequests.php(634): Symfony\Component\HttpFoundation\Response->__construct(Object(Illuminate\View\View))
#8 /Users/brandonbezuidenhout/Documents/VaimoTest/vendor/laravel/lumen-framework/src/Concerns/RoutesRequests.php(496): Laravel\Lumen\Application->prepareResponse(Object(Illuminate\View\View))
#9 /Users/brandonbezuidenhout/Documents/VaimoTest/vendor/laravel/lumen-framework/src/Concerns/RoutesRequests.php(470): Laravel\Lumen\Application->callActionOnArrayBasedRoute(Array)
#10 /Users/brandonbezuidenhout/Documents/VaimoTest/vendor/laravel/lumen-framework/src/Concerns/RoutesRequests.php(372): Laravel\Lumen\Application->handleFoundRoute(Array)
#11 /Users/brandonbezuidenhout/Documents/VaimoTest/vendor/laravel/lumen-framework/src/Concerns/RoutesRequests.php(620): Laravel\Lumen\Application->Laravel\Lumen\Concerns\{closure}()
#12 /Users/brandonbezuidenhout/Documents/VaimoTest/vendor/laravel/lumen-framework/src/Concerns/RoutesRequests.php(378): Laravel\Lumen\Application->sendThroughPipeline(Array, Object(Closure))
#13 /Users/brandonbezuidenhout/Documents/VaimoTest/vendor/laravel/lumen-framework/src/Concerns/RoutesRequests.php(323): Laravel\Lumen\Application->dispatch(Object(Illuminate\Http\Request))
#14 /Users/brandonbezuidenhout/Documents/VaimoTest/public/index.php(28): Laravel\Lumen\Application->run(Object(Illuminate\Http\Request))
#15 {main}  
[2020-08-02 17:36:37] lumen.ERROR: ErrorException: Use of undefined constant checkEmail - assumed 'checkEmail' (this will throw an Error in a future version of PHP) in /home/brandon/Documents/Personal/Vaimo/VaimoTest/storage/framework/views/315e8cfb007ecf2ec6492d63891fba317ea9955c.php:425
Stack trace:
#0 /home/brandon/Documents/Personal/Vaimo/VaimoTest/storage/framework/views/315e8cfb007ecf2ec6492d63891fba317ea9955c.php(425): Laravel\Lumen\Application->Laravel\Lumen\Concerns\{closure}()
#1 /home/brandon/Documents/Personal/Vaimo/VaimoTest/vendor/illuminate/view/Engines/PhpEngine.php(42): include('/home/brandon/D...')
#2 /home/brandon/Documents/Personal/Vaimo/VaimoTest/vendor/illuminate/view/Engines/CompilerEngine.php(59): Illuminate\View\Engines\PhpEngine->evaluatePath()
#3 /home/brandon/Documents/Personal/Vaimo/VaimoTest/vendor/illuminate/view/View.php(135): Illuminate\View\Engines\CompilerEngine->get()
#4 /home/brandon/Documents/Personal/Vaimo/VaimoTest/vendor/illuminate/view/View.php(106): Illuminate\View\View->getContents()
#5 /home/brandon/Documents/Personal/Vaimo/VaimoTest/vendor/illuminate/view/View.php(80): Illuminate\View\View->renderContents()
#6 /home/brandon/Documents/Personal/Vaimo/VaimoTest/vendor/illuminate/http/Response.php(52): Illuminate\View\View->render()
#7 /home/brandon/Documents/Personal/Vaimo/VaimoTest/vendor/symfony/http-foundation/Response.php(197): Illuminate\Http\Response->setContent()
#8 /home/brandon/Documents/Personal/Vaimo/VaimoTest/vendor/laravel/lumen-framework/src/Concerns/RoutesRequests.php(634): Symfony\Component\HttpFoundation\Response->__construct()
#9 /home/brandon/Documents/Personal/Vaimo/VaimoTest/vendor/laravel/lumen-framework/src/Concerns/RoutesRequests.php(496): Laravel\Lumen\Application->prepareResponse()
#10 /home/brandon/Documents/Personal/Vaimo/VaimoTest/vendor/laravel/lumen-framework/src/Concerns/RoutesRequests.php(470): Laravel\Lumen\Application->callActionOnArrayBasedRoute()
#11 /home/brandon/Documents/Personal/Vaimo/VaimoTest/vendor/laravel/lumen-framework/src/Concerns/RoutesRequests.php(372): Laravel\Lumen\Application->handleFoundRoute()
#12 /home/brandon/Documents/Personal/Vaimo/VaimoTest/vendor/laravel/lumen-framework/src/Concerns/RoutesRequests.php(620): Laravel\Lumen\Application->Laravel\Lumen\Concerns\{closure}()
#13 /home/brandon/Documents/Personal/Vaimo/VaimoTest/vendor/laravel/lumen-framework/src/Concerns/RoutesRequests.php(378): Laravel\Lumen\Application->sendThroughPipeline()
#14 /home/brandon/Documents/Personal/Vaimo/VaimoTest/vendor/laravel/lumen-framework/src/Concerns/RoutesRequests.php(323): Laravel\Lumen\Application->dispatch()
#15 /home/brandon/Documents/Personal/Vaimo/VaimoTest/public/index.php(28): Laravel\Lumen\Application->run()
#16 {main}

Next ErrorException: Use of undefined constant checkEmail - assumed 'checkEmail' (this will throw an Error in a future version of PHP) (View: /home/brandon/Documents/Personal/Vaimo/VaimoTest/resources/views/index.blade.php) in /home/brandon/Documents/Personal/Vaimo/VaimoTest/storage/framework/views/315e8cfb007ecf2ec6492d63891fba317ea9955c.php:425
Stack trace:
#0 /home/brandon/Documents/Personal/Vaimo/VaimoTest/vendor/illuminate/view/Engines/PhpEngine.php(44): Illuminate\View\Engines\CompilerEngine->handleViewException()
#1 /home/brandon/Documents/Personal/Vaimo/VaimoTest/vendor/illuminate/view/Engines/CompilerEngine.php(59): Illuminate\View\Engines\PhpEngine->evaluatePath()
#2 /home/brandon/Documents/Personal/Vaimo/VaimoTest/vendor/illuminate/view/View.php(135): Illuminate\View\Engines\CompilerEngine->get()
#3 /home/brandon/Documents/Personal/Vaimo/VaimoTest/vendor/illuminate/view/View.php(106): Illuminate\View\View->getContents()
#4 /home/brandon/Documents/Personal/Vaimo/VaimoTest/vendor/illuminate/view/View.php(80): Illuminate\View\View->renderContents()
#5 /home/brandon/Documents/Personal/Vaimo/VaimoTest/vendor/illuminate/http/Response.php(52): Illuminate\View\View->render()
#6 /home/brandon/Documents/Personal/Vaimo/VaimoTest/vendor/symfony/http-foundation/Response.php(197): Illuminate\Http\Response->setContent()
#7 /home/brandon/Documents/Personal/Vaimo/VaimoTest/vendor/laravel/lumen-framework/src/Concerns/RoutesRequests.php(634): Symfony\Component\HttpFoundation\Response->__construct()
#8 /home/brandon/Documents/Personal/Vaimo/VaimoTest/vendor/laravel/lumen-framework/src/Concerns/RoutesRequests.php(496): Laravel\Lumen\Application->prepareResponse()
#9 /home/brandon/Documents/Personal/Vaimo/VaimoTest/vendor/laravel/lumen-framework/src/Concerns/RoutesRequests.php(470): Laravel\Lumen\Application->callActionOnArrayBasedRoute()
#10 /home/brandon/Documents/Personal/Vaimo/VaimoTest/vendor/laravel/lumen-framework/src/Concerns/RoutesRequests.php(372): Laravel\Lumen\Application->handleFoundRoute()
#11 /home/brandon/Documents/Personal/Vaimo/VaimoTest/vendor/laravel/lumen-framework/src/Concerns/RoutesRequests.php(620): Laravel\Lumen\Application->Laravel\Lumen\Concerns\{closure}()
#12 /home/brandon/Documents/Personal/Vaimo/VaimoTest/vendor/laravel/lumen-framework/src/Concerns/RoutesRequests.php(378): Laravel\Lumen\Application->sendThroughPipeline()
#13 /home/brandon/Documents/Personal/Vaimo/VaimoTest/vendor/laravel/lumen-framework/src/Concerns/RoutesRequests.php(323): Laravel\Lumen\Application->dispatch()
#14 /home/brandon/Documents/Personal/Vaimo/VaimoTest/public/index.php(28): Laravel\Lumen\Application->run()
#15 {main}  
[2020-08-02 17:36:40] lumen.ERROR: ErrorException: Use of undefined constant checkEmail - assumed 'checkEmail' (this will throw an Error in a future version of PHP) in /home/brandon/Documents/Personal/Vaimo/VaimoTest/storage/framework/views/315e8cfb007ecf2ec6492d63891fba317ea9955c.php:425
Stack trace:
#0 /home/brandon/Documents/Personal/Vaimo/VaimoTest/storage/framework/views/315e8cfb007ecf2ec6492d63891fba317ea9955c.php(425): Laravel\Lumen\Application->Laravel\Lumen\Concerns\{closure}()
#1 /home/brandon/Documents/Personal/Vaimo/VaimoTest/vendor/illuminate/view/Engines/PhpEngine.php(42): include('/home/brandon/D...')
#2 /home/brandon/Documents/Personal/Vaimo/VaimoTest/vendor/illuminate/view/Engines/CompilerEngine.php(59): Illuminate\View\Engines\PhpEngine->evaluatePath()
#3 /home/brandon/Documents/Personal/Vaimo/VaimoTest/vendor/illuminate/view/View.php(135): Illuminate\View\Engines\CompilerEngine->get()
#4 /home/brandon/Documents/Personal/Vaimo/VaimoTest/vendor/illuminate/view/View.php(106): Illuminate\View\View->getContents()
#5 /home/brandon/Documents/Personal/Vaimo/VaimoTest/vendor/illuminate/view/View.php(80): Illuminate\View\View->renderContents()
#6 /home/brandon/Documents/Personal/Vaimo/VaimoTest/vendor/illuminate/http/Response.php(52): Illuminate\View\View->render()
#7 /home/brandon/Documents/Personal/Vaimo/VaimoTest/vendor/symfony/http-foundation/Response.php(197): Illuminate\Http\Response->setContent()
#8 /home/brandon/Documents/Personal/Vaimo/VaimoTest/vendor/laravel/lumen-framework/src/Concerns/RoutesRequests.php(634): Symfony\Component\HttpFoundation\Response->__construct()
#9 /home/brandon/Documents/Personal/Vaimo/VaimoTest/vendor/laravel/lumen-framework/src/Concerns/RoutesRequests.php(496): Laravel\Lumen\Application->prepareResponse()
#10 /home/brandon/Documents/Personal/Vaimo/VaimoTest/vendor/laravel/lumen-framework/src/Concerns/RoutesRequests.php(470): Laravel\Lumen\Application->callActionOnArrayBasedRoute()
#11 /home/brandon/Documents/Personal/Vaimo/VaimoTest/vendor/laravel/lumen-framework/src/Concerns/RoutesRequests.php(372): Laravel\Lumen\Application->handleFoundRoute()
#12 /home/brandon/Documents/Personal/Vaimo/VaimoTest/vendor/laravel/lumen-framework/src/Concerns/RoutesRequests.php(620): Laravel\Lumen\Application->Laravel\Lumen\Concerns\{closure}()
#13 /home/brandon/Documents/Personal/Vaimo/VaimoTest/vendor/laravel/lumen-framework/src/Concerns/RoutesRequests.php(378): Laravel\Lumen\Application->sendThroughPipeline()
#14 /home/brandon/Documents/Personal/Vaimo/VaimoTest/vendor/laravel/lumen-framework/src/Concerns/RoutesRequests.php(323): Laravel\Lumen\Application->dispatch()
#15 /home/brandon/Documents/Personal/Vaimo/VaimoTest/public/index.php(28): Laravel\Lumen\Application->run()
#16 {main}

Next ErrorException: Use of undefined constant checkEmail - assumed 'checkEmail' (this will throw an Error in a future version of PHP) (View: /home/brandon/Documents/Personal/Vaimo/VaimoTest/resources/views/index.blade.php) in /home/brandon/Documents/Personal/Vaimo/VaimoTest/storage/framework/views/315e8cfb007ecf2ec6492d63891fba317ea9955c.php:425
Stack trace:
#0 /home/brandon/Documents/Personal/Vaimo/VaimoTest/vendor/illuminate/view/Engines/PhpEngine.php(44): Illuminate\View\Engines\CompilerEngine->handleViewException()
#1 /home/brandon/Documents/Personal/Vaimo/VaimoTest/vendor/illuminate/view/Engines/CompilerEngine.php(59): Illuminate\View\Engines\PhpEngine->evaluatePath()
#2 /home/brandon/Documents/Personal/Vaimo/VaimoTest/vendor/illuminate/view/View.php(135): Illuminate\View\Engines\CompilerEngine->get()
#3 /home/brandon/Documents/Personal/Vaimo/VaimoTest/vendor/illuminate/view/View.php(106): Illuminate\View\View->getContents()
#4 /home/brandon/Documents/Personal/Vaimo/VaimoTest/vendor/illuminate/view/View.php(80): Illuminate\View\View->renderContents()
#5 /home/brandon/Documents/Personal/Vaimo/VaimoTest/vendor/illuminate/http/Response.php(52): Illuminate\View\View->render()
#6 /home/brandon/Documents/Personal/Vaimo/VaimoTest/vendor/symfony/http-foundation/Response.php(197): Illuminate\Http\Response->setContent()
#7 /home/brandon/Documents/Personal/Vaimo/VaimoTest/vendor/laravel/lumen-framework/src/Concerns/RoutesRequests.php(634): Symfony\Component\HttpFoundation\Response->__construct()
#8 /home/brandon/Documents/Personal/Vaimo/VaimoTest/vendor/laravel/lumen-framework/src/Concerns/RoutesRequests.php(496): Laravel\Lumen\Application->prepareResponse()
#9 /home/brandon/Documents/Personal/Vaimo/VaimoTest/vendor/laravel/lumen-framework/src/Concerns/RoutesRequests.php(470): Laravel\Lumen\Application->callActionOnArrayBasedRoute()
#10 /home/brandon/Documents/Personal/Vaimo/VaimoTest/vendor/laravel/lumen-framework/src/Concerns/RoutesRequests.php(372): Laravel\Lumen\Application->handleFoundRoute()
#11 /home/brandon/Documents/Personal/Vaimo/VaimoTest/vendor/laravel/lumen-framework/src/Concerns/RoutesRequests.php(620): Laravel\Lumen\Application->Laravel\Lumen\Concerns\{closure}()
#12 /home/brandon/Documents/Personal/Vaimo/VaimoTest/vendor/laravel/lumen-framework/src/Concerns/RoutesRequests.php(378): Laravel\Lumen\Application->sendThroughPipeline()
#13 /home/brandon/Documents/Personal/Vaimo/VaimoTest/vendor/laravel/lumen-framework/src/Concerns/RoutesRequests.php(323): Laravel\Lumen\Application->dispatch()
#14 /home/brandon/Documents/Personal/Vaimo/VaimoTest/public/index.php(28): Laravel\Lumen\Application->run()
#15 {main}  
[2020-08-04 22:34:28] lumen.ERROR: ErrorException: Use of undefined constant screen - assumed 'screen' (this will throw an Error in a future version of PHP) in /home/brandon/Documents/Personal/Vaimo/VaimoTest/storage/framework/views/315e8cfb007ecf2ec6492d63891fba317ea9955c.php:35
Stack trace:
#0 /home/brandon/Documents/Personal/Vaimo/VaimoTest/storage/framework/views/315e8cfb007ecf2ec6492d63891fba317ea9955c.php(35): Laravel\Lumen\Application->Laravel\Lumen\Concerns\{closure}()
#1 /home/brandon/Documents/Personal/Vaimo/VaimoTest/vendor/illuminate/view/Engines/PhpEngine.php(42): include('/home/brandon/D...')
#2 /home/brandon/Documents/Personal/Vaimo/VaimoTest/vendor/illuminate/view/Engines/CompilerEngine.php(59): Illuminate\View\Engines\PhpEngine->evaluatePath()
#3 /home/brandon/Documents/Personal/Vaimo/VaimoTest/vendor/illuminate/view/View.php(135): Illuminate\View\Engines\CompilerEngine->get()
#4 /home/brandon/Documents/Personal/Vaimo/VaimoTest/vendor/illuminate/view/View.php(106): Illuminate\View\View->getContents()
#5 /home/brandon/Documents/Personal/Vaimo/VaimoTest/vendor/illuminate/view/View.php(80): Illuminate\View\View->renderContents()
#6 /home/brandon/Documents/Personal/Vaimo/VaimoTest/vendor/illuminate/http/Response.php(52): Illuminate\View\View->render()
#7 /home/brandon/Documents/Personal/Vaimo/VaimoTest/vendor/symfony/http-foundation/Response.php(197): Illuminate\Http\Response->setContent()
#8 /home/brandon/Documents/Personal/Vaimo/VaimoTest/vendor/laravel/lumen-framework/src/Concerns/RoutesRequests.php(634): Symfony\Component\HttpFoundation\Response->__construct()
#9 /home/brandon/Documents/Personal/Vaimo/VaimoTest/vendor/laravel/lumen-framework/src/Concerns/RoutesRequests.php(496): Laravel\Lumen\Application->prepareResponse()
#10 /home/brandon/Documents/Personal/Vaimo/VaimoTest/vendor/laravel/lumen-framework/src/Concerns/RoutesRequests.php(470): Laravel\Lumen\Application->callActionOnArrayBasedRoute()
#11 /home/brandon/Documents/Personal/Vaimo/VaimoTest/vendor/laravel/lumen-framework/src/Concerns/RoutesRequests.php(372): Laravel\Lumen\Application->handleFoundRoute()
#12 /home/brandon/Documents/Personal/Vaimo/VaimoTest/vendor/laravel/lumen-framework/src/Concerns/RoutesRequests.php(620): Laravel\Lumen\Application->Laravel\Lumen\Concerns\{closure}()
#13 /home/brandon/Documents/Personal/Vaimo/VaimoTest/vendor/laravel/lumen-framework/src/Concerns/RoutesRequests.php(378): Laravel\Lumen\Application->sendThroughPipeline()
#14 /home/brandon/Documents/Personal/Vaimo/VaimoTest/vendor/laravel/lumen-framework/src/Concerns/RoutesRequests.php(323): Laravel\Lumen\Application->dispatch()
#15 /home/brandon/Documents/Personal/Vaimo/VaimoTest/public/index.php(28): Laravel\Lumen\Application->run()
#16 {main}

Next ErrorException: Use of undefined constant screen - assumed 'screen' (this will throw an Error in a future version of PHP) (View: /home/brandon/Documents/Personal/Vaimo/VaimoTest/resources/views/index.blade.php) in /home/brandon/Documents/Personal/Vaimo/VaimoTest/storage/framework/views/315e8cfb007ecf2ec6492d63891fba317ea9955c.php:35
Stack trace:
#0 /home/brandon/Documents/Personal/Vaimo/VaimoTest/vendor/illuminate/view/Engines/PhpEngine.php(44): Illuminate\View\Engines\CompilerEngine->handleViewException()
#1 /home/brandon/Documents/Personal/Vaimo/VaimoTest/vendor/illuminate/view/Engines/CompilerEngine.php(59): Illuminate\View\Engines\PhpEngine->evaluatePath()
#2 /home/brandon/Documents/Personal/Vaimo/VaimoTest/vendor/illuminate/view/View.php(135): Illuminate\View\Engines\CompilerEngine->get()
#3 /home/brandon/Documents/Personal/Vaimo/VaimoTest/vendor/illuminate/view/View.php(106): Illuminate\View\View->getContents()
#4 /home/brandon/Documents/Personal/Vaimo/VaimoTest/vendor/illuminate/view/View.php(80): Illuminate\View\View->renderContents()
#5 /home/brandon/Documents/Personal/Vaimo/VaimoTest/vendor/illuminate/http/Response.php(52): Illuminate\View\View->render()
#6 /home/brandon/Documents/Personal/Vaimo/VaimoTest/vendor/symfony/http-foundation/Response.php(197): Illuminate\Http\Response->setContent()
#7 /home/brandon/Documents/Personal/Vaimo/VaimoTest/vendor/laravel/lumen-framework/src/Concerns/RoutesRequests.php(634): Symfony\Component\HttpFoundation\Response->__construct()
#8 /home/brandon/Documents/Personal/Vaimo/VaimoTest/vendor/laravel/lumen-framework/src/Concerns/RoutesRequests.php(496): Laravel\Lumen\Application->prepareResponse()
#9 /home/brandon/Documents/Personal/Vaimo/VaimoTest/vendor/laravel/lumen-framework/src/Concerns/RoutesRequests.php(470): Laravel\Lumen\Application->callActionOnArrayBasedRoute()
#10 /home/brandon/Documents/Personal/Vaimo/VaimoTest/vendor/laravel/lumen-framework/src/Concerns/RoutesRequests.php(372): Laravel\Lumen\Application->handleFoundRoute()
#11 /home/brandon/Documents/Personal/Vaimo/VaimoTest/vendor/laravel/lumen-framework/src/Concerns/RoutesRequests.php(620): Laravel\Lumen\Application->Laravel\Lumen\Concerns\{closure}()
#12 /home/brandon/Documents/Personal/Vaimo/VaimoTest/vendor/laravel/lumen-framework/src/Concerns/RoutesRequests.php(378): Laravel\Lumen\Application->sendThroughPipeline()
#13 /home/brandon/Documents/Personal/Vaimo/VaimoTest/vendor/laravel/lumen-framework/src/Concerns/RoutesRequests.php(323): Laravel\Lumen\Application->dispatch()
#14 /home/brandon/Documents/Personal/Vaimo/VaimoTest/public/index.php(28): Laravel\Lumen\Application->run()
#15 {main}  
[2020-08-04 22:34:30] lumen.ERROR: ErrorException: Use of undefined constant screen - assumed 'screen' (this will throw an Error in a future version of PHP) in /home/brandon/Documents/Personal/Vaimo/VaimoTest/storage/framework/views/315e8cfb007ecf2ec6492d63891fba317ea9955c.php:35
Stack trace:
#0 /home/brandon/Documents/Personal/Vaimo/VaimoTest/storage/framework/views/315e8cfb007ecf2ec6492d63891fba317ea9955c.php(35): Laravel\Lumen\Application->Laravel\Lumen\Concerns\{closure}()
#1 /home/brandon/Documents/Personal/Vaimo/VaimoTest/vendor/illuminate/view/Engines/PhpEngine.php(42): include('/home/brandon/D...')
#2 /home/brandon/Documents/Personal/Vaimo/VaimoTest/vendor/illuminate/view/Engines/CompilerEngine.php(59): Illuminate\View\Engines\PhpEngine->evaluatePath()
#3 /home/brandon/Documents/Personal/Vaimo/VaimoTest/vendor/illuminate/view/View.php(135): Illuminate\View\Engines\CompilerEngine->get()
#4 /home/brandon/Documents/Personal/Vaimo/VaimoTest/vendor/illuminate/view/View.php(106): Illuminate\View\View->getContents()
#5 /home/brandon/Documents/Personal/Vaimo/VaimoTest/vendor/illuminate/view/View.php(80): Illuminate\View\View->renderContents()
#6 /home/brandon/Documents/Personal/Vaimo/VaimoTest/vendor/illuminate/http/Response.php(52): Illuminate\View\View->render()
#7 /home/brandon/Documents/Personal/Vaimo/VaimoTest/vendor/symfony/http-foundation/Response.php(197): Illuminate\Http\Response->setContent()
#8 /home/brandon/Documents/Personal/Vaimo/VaimoTest/vendor/laravel/lumen-framework/src/Concerns/RoutesRequests.php(634): Symfony\Component\HttpFoundation\Response->__construct()
#9 /home/brandon/Documents/Personal/Vaimo/VaimoTest/vendor/laravel/lumen-framework/src/Concerns/RoutesRequests.php(496): Laravel\Lumen\Application->prepareResponse()
#10 /home/brandon/Documents/Personal/Vaimo/VaimoTest/vendor/laravel/lumen-framework/src/Concerns/RoutesRequests.php(470): Laravel\Lumen\Application->callActionOnArrayBasedRoute()
#11 /home/brandon/Documents/Personal/Vaimo/VaimoTest/vendor/laravel/lumen-framework/src/Concerns/RoutesRequests.php(372): Laravel\Lumen\Application->handleFoundRoute()
#12 /home/brandon/Documents/Personal/Vaimo/VaimoTest/vendor/laravel/lumen-framework/src/Concerns/RoutesRequests.php(620): Laravel\Lumen\Application->Laravel\Lumen\Concerns\{closure}()
#13 /home/brandon/Documents/Personal/Vaimo/VaimoTest/vendor/laravel/lumen-framework/src/Concerns/RoutesRequests.php(378): Laravel\Lumen\Application->sendThroughPipeline()
#14 /home/brandon/Documents/Personal/Vaimo/VaimoTest/vendor/laravel/lumen-framework/src/Concerns/RoutesRequests.php(323): Laravel\Lumen\Application->dispatch()
#15 /home/brandon/Documents/Personal/Vaimo/VaimoTest/public/index.php(28): Laravel\Lumen\Application->run()
#16 {main}

Next ErrorException: Use of undefined constant screen - assumed 'screen' (this will throw an Error in a future version of PHP) (View: /home/brandon/Documents/Personal/Vaimo/VaimoTest/resources/views/index.blade.php) in /home/brandon/Documents/Personal/Vaimo/VaimoTest/storage/framework/views/315e8cfb007ecf2ec6492d63891fba317ea9955c.php:35
Stack trace:
#0 /home/brandon/Documents/Personal/Vaimo/VaimoTest/vendor/illuminate/view/Engines/PhpEngine.php(44): Illuminate\View\Engines\CompilerEngine->handleViewException()
#1 /home/brandon/Documents/Personal/Vaimo/VaimoTest/vendor/illuminate/view/Engines/CompilerEngine.php(59): Illuminate\View\Engines\PhpEngine->evaluatePath()
#2 /home/brandon/Documents/Personal/Vaimo/VaimoTest/vendor/illuminate/view/View.php(135): Illuminate\View\Engines\CompilerEngine->get()
#3 /home/brandon/Documents/Personal/Vaimo/VaimoTest/vendor/illuminate/view/View.php(106): Illuminate\View\View->getContents()
#4 /home/brandon/Documents/Personal/Vaimo/VaimoTest/vendor/illuminate/view/View.php(80): Illuminate\View\View->renderContents()
#5 /home/brandon/Documents/Personal/Vaimo/VaimoTest/vendor/illuminate/http/Response.php(52): Illuminate\View\View->render()
#6 /home/brandon/Documents/Personal/Vaimo/VaimoTest/vendor/symfony/http-foundation/Response.php(197): Illuminate\Http\Response->setContent()
#7 /home/brandon/Documents/Personal/Vaimo/VaimoTest/vendor/laravel/lumen-framework/src/Concerns/RoutesRequests.php(634): Symfony\Component\HttpFoundation\Response->__construct()
#8 /home/brandon/Documents/Personal/Vaimo/VaimoTest/vendor/laravel/lumen-framework/src/Concerns/RoutesRequests.php(496): Laravel\Lumen\Application->prepareResponse()
#9 /home/brandon/Documents/Personal/Vaimo/VaimoTest/vendor/laravel/lumen-framework/src/Concerns/RoutesRequests.php(470): Laravel\Lumen\Application->callActionOnArrayBasedRoute()
#10 /home/brandon/Documents/Personal/Vaimo/VaimoTest/vendor/laravel/lumen-framework/src/Concerns/RoutesRequests.php(372): Laravel\Lumen\Application->handleFoundRoute()
#11 /home/brandon/Documents/Personal/Vaimo/VaimoTest/vendor/laravel/lumen-framework/src/Concerns/RoutesRequests.php(620): Laravel\Lumen\Application->Laravel\Lumen\Concerns\{closure}()
#12 /home/brandon/Documents/Personal/Vaimo/VaimoTest/vendor/laravel/lumen-framework/src/Concerns/RoutesRequests.php(378): Laravel\Lumen\Application->sendThroughPipeline()
#13 /home/brandon/Documents/Personal/Vaimo/VaimoTest/vendor/laravel/lumen-framework/src/Concerns/RoutesRequests.php(323): Laravel\Lumen\Application->dispatch()
#14 /home/brandon/Documents/Personal/Vaimo/VaimoTest/public/index.php(28): Laravel\Lumen\Application->run()
#15 {main}  
[2020-08-04 22:34:56] lumen.ERROR: ErrorException: Use of undefined constant screen - assumed 'screen' (this will throw an Error in a future version of PHP) in /home/brandon/Documents/Personal/Vaimo/VaimoTest/storage/framework/views/315e8cfb007ecf2ec6492d63891fba317ea9955c.php:35
Stack trace:
#0 /home/brandon/Documents/Personal/Vaimo/VaimoTest/storage/framework/views/315e8cfb007ecf2ec6492d63891fba317ea9955c.php(35): Laravel\Lumen\Application->Laravel\Lumen\Concerns\{closure}()
#1 /home/brandon/Documents/Personal/Vaimo/VaimoTest/vendor/illuminate/view/Engines/PhpEngine.php(42): include('/home/brandon/D...')
#2 /home/brandon/Documents/Personal/Vaimo/VaimoTest/vendor/illuminate/view/Engines/CompilerEngine.php(59): Illuminate\View\Engines\PhpEngine->evaluatePath()
#3 /home/brandon/Documents/Personal/Vaimo/VaimoTest/vendor/illuminate/view/View.php(135): Illuminate\View\Engines\CompilerEngine->get()
#4 /home/brandon/Documents/Personal/Vaimo/VaimoTest/vendor/illuminate/view/View.php(106): Illuminate\View\View->getContents()
#5 /home/brandon/Documents/Personal/Vaimo/VaimoTest/vendor/illuminate/view/View.php(80): Illuminate\View\View->renderContents()
#6 /home/brandon/Documents/Personal/Vaimo/VaimoTest/vendor/illuminate/http/Response.php(52): Illuminate\View\View->render()
#7 /home/brandon/Documents/Personal/Vaimo/VaimoTest/vendor/symfony/http-foundation/Response.php(197): Illuminate\Http\Response->setContent()
#8 /home/brandon/Documents/Personal/Vaimo/VaimoTest/vendor/laravel/lumen-framework/src/Concerns/RoutesRequests.php(634): Symfony\Component\HttpFoundation\Response->__construct()
#9 /home/brandon/Documents/Personal/Vaimo/VaimoTest/vendor/laravel/lumen-framework/src/Concerns/RoutesRequests.php(496): Laravel\Lumen\Application->prepareResponse()
#10 /home/brandon/Documents/Personal/Vaimo/VaimoTest/vendor/laravel/lumen-framework/src/Concerns/RoutesRequests.php(470): Laravel\Lumen\Application->callActionOnArrayBasedRoute()
#11 /home/brandon/Documents/Personal/Vaimo/VaimoTest/vendor/laravel/lumen-framework/src/Concerns/RoutesRequests.php(372): Laravel\Lumen\Application->handleFoundRoute()
#12 /home/brandon/Documents/Personal/Vaimo/VaimoTest/vendor/laravel/lumen-framework/src/Concerns/RoutesRequests.php(620): Laravel\Lumen\Application->Laravel\Lumen\Concerns\{closure}()
#13 /home/brandon/Documents/Personal/Vaimo/VaimoTest/vendor/laravel/lumen-framework/src/Concerns/RoutesRequests.php(378): Laravel\Lumen\Application->sendThroughPipeline()
#14 /home/brandon/Documents/Personal/Vaimo/VaimoTest/vendor/laravel/lumen-framework/src/Concerns/RoutesRequests.php(323): Laravel\Lumen\Application->dispatch()
#15 /home/brandon/Documents/Personal/Vaimo/VaimoTest/public/index.php(28): Laravel\Lumen\Application->run()
#16 {main}

Next ErrorException: Use of undefined constant screen - assumed 'screen' (this will throw an Error in a future version of PHP) (View: /home/brandon/Documents/Personal/Vaimo/VaimoTest/resources/views/index.blade.php) in /home/brandon/Documents/Personal/Vaimo/VaimoTest/storage/framework/views/315e8cfb007ecf2ec6492d63891fba317ea9955c.php:35
Stack trace:
#0 /home/brandon/Documents/Personal/Vaimo/VaimoTest/vendor/illuminate/view/Engines/PhpEngine.php(44): Illuminate\View\Engines\CompilerEngine->handleViewException()
#1 /home/brandon/Documents/Personal/Vaimo/VaimoTest/vendor/illuminate/view/Engines/CompilerEngine.php(59): Illuminate\View\Engines\PhpEngine->evaluatePath()
#2 /home/brandon/Documents/Personal/Vaimo/VaimoTest/vendor/illuminate/view/View.php(135): Illuminate\View\Engines\CompilerEngine->get()
#3 /home/brandon/Documents/Personal/Vaimo/VaimoTest/vendor/illuminate/view/View.php(106): Illuminate\View\View->getContents()
#4 /home/brandon/Documents/Personal/Vaimo/VaimoTest/vendor/illuminate/view/View.php(80): Illuminate\View\View->renderContents()
#5 /home/brandon/Documents/Personal/Vaimo/VaimoTest/vendor/illuminate/http/Response.php(52): Illuminate\View\View->render()
#6 /home/brandon/Documents/Personal/Vaimo/VaimoTest/vendor/symfony/http-foundation/Response.php(197): Illuminate\Http\Response->setContent()
#7 /home/brandon/Documents/Personal/Vaimo/VaimoTest/vendor/laravel/lumen-framework/src/Concerns/RoutesRequests.php(634): Symfony\Component\HttpFoundation\Response->__construct()
#8 /home/brandon/Documents/Personal/Vaimo/VaimoTest/vendor/laravel/lumen-framework/src/Concerns/RoutesRequests.php(496): Laravel\Lumen\Application->prepareResponse()
#9 /home/brandon/Documents/Personal/Vaimo/VaimoTest/vendor/laravel/lumen-framework/src/Concerns/RoutesRequests.php(470): Laravel\Lumen\Application->callActionOnArrayBasedRoute()
#10 /home/brandon/Documents/Personal/Vaimo/VaimoTest/vendor/laravel/lumen-framework/src/Concerns/RoutesRequests.php(372): Laravel\Lumen\Application->handleFoundRoute()
#11 /home/brandon/Documents/Personal/Vaimo/VaimoTest/vendor/laravel/lumen-framework/src/Concerns/RoutesRequests.php(620): Laravel\Lumen\Application->Laravel\Lumen\Concerns\{closure}()
#12 /home/brandon/Documents/Personal/Vaimo/VaimoTest/vendor/laravel/lumen-framework/src/Concerns/RoutesRequests.php(378): Laravel\Lumen\Application->sendThroughPipeline()
#13 /home/brandon/Documents/Personal/Vaimo/VaimoTest/vendor/laravel/lumen-framework/src/Concerns/RoutesRequests.php(323): Laravel\Lumen\Application->dispatch()
#14 /home/brandon/Documents/Personal/Vaimo/VaimoTest/public/index.php(28): Laravel\Lumen\Application->run()
#15 {main}  
[2020-08-04 22:34:56] lumen.ERROR: ErrorException: Use of undefined constant screen - assumed 'screen' (this will throw an Error in a future version of PHP) in /home/brandon/Documents/Personal/Vaimo/VaimoTest/storage/framework/views/315e8cfb007ecf2ec6492d63891fba317ea9955c.php:35
Stack trace:
#0 /home/brandon/Documents/Personal/Vaimo/VaimoTest/storage/framework/views/315e8cfb007ecf2ec6492d63891fba317ea9955c.php(35): Laravel\Lumen\Application->Laravel\Lumen\Concerns\{closure}()
#1 /home/brandon/Documents/Personal/Vaimo/VaimoTest/vendor/illuminate/view/Engines/PhpEngine.php(42): include('/home/brandon/D...')
#2 /home/brandon/Documents/Personal/Vaimo/VaimoTest/vendor/illuminate/view/Engines/CompilerEngine.php(59): Illuminate\View\Engines\PhpEngine->evaluatePath()
#3 /home/brandon/Documents/Personal/Vaimo/VaimoTest/vendor/illuminate/view/View.php(135): Illuminate\View\Engines\CompilerEngine->get()
#4 /home/brandon/Documents/Personal/Vaimo/VaimoTest/vendor/illuminate/view/View.php(106): Illuminate\View\View->getContents()
#5 /home/brandon/Documents/Personal/Vaimo/VaimoTest/vendor/illuminate/view/View.php(80): Illuminate\View\View->renderContents()
#6 /home/brandon/Documents/Personal/Vaimo/VaimoTest/vendor/illuminate/http/Response.php(52): Illuminate\View\View->render()
#7 /home/brandon/Documents/Personal/Vaimo/VaimoTest/vendor/symfony/http-foundation/Response.php(197): Illuminate\Http\Response->setContent()
#8 /home/brandon/Documents/Personal/Vaimo/VaimoTest/vendor/laravel/lumen-framework/src/Concerns/RoutesRequests.php(634): Symfony\Component\HttpFoundation\Response->__construct()
#9 /home/brandon/Documents/Personal/Vaimo/VaimoTest/vendor/laravel/lumen-framework/src/Concerns/RoutesRequests.php(496): Laravel\Lumen\Application->prepareResponse()
#10 /home/brandon/Documents/Personal/Vaimo/VaimoTest/vendor/laravel/lumen-framework/src/Concerns/RoutesRequests.php(470): Laravel\Lumen\Application->callActionOnArrayBasedRoute()
#11 /home/brandon/Documents/Personal/Vaimo/VaimoTest/vendor/laravel/lumen-framework/src/Concerns/RoutesRequests.php(372): Laravel\Lumen\Application->handleFoundRoute()
#12 /home/brandon/Documents/Personal/Vaimo/VaimoTest/vendor/laravel/lumen-framework/src/Concerns/RoutesRequests.php(620): Laravel\Lumen\Application->Laravel\Lumen\Concerns\{closure}()
#13 /home/brandon/Documents/Personal/Vaimo/VaimoTest/vendor/laravel/lumen-framework/src/Concerns/RoutesRequests.php(378): Laravel\Lumen\Application->sendThroughPipeline()
#14 /home/brandon/Documents/Personal/Vaimo/VaimoTest/vendor/laravel/lumen-framework/src/Concerns/RoutesRequests.php(323): Laravel\Lumen\Application->dispatch()
#15 /home/brandon/Documents/Personal/Vaimo/VaimoTest/public/index.php(28): Laravel\Lumen\Application->run()
#16 {main}

Next ErrorException: Use of undefined constant screen - assumed 'screen' (this will throw an Error in a future version of PHP) (View: /home/brandon/Documents/Personal/Vaimo/VaimoTest/resources/views/index.blade.php) in /home/brandon/Documents/Personal/Vaimo/VaimoTest/storage/framework/views/315e8cfb007ecf2ec6492d63891fba317ea9955c.php:35
Stack trace:
#0 /home/brandon/Documents/Personal/Vaimo/VaimoTest/vendor/illuminate/view/Engines/PhpEngine.php(44): Illuminate\View\Engines\CompilerEngine->handleViewException()
#1 /home/brandon/Documents/Personal/Vaimo/VaimoTest/vendor/illuminate/view/Engines/CompilerEngine.php(59): Illuminate\View\Engines\PhpEngine->evaluatePath()
#2 /home/brandon/Documents/Personal/Vaimo/VaimoTest/vendor/illuminate/view/View.php(135): Illuminate\View\Engines\CompilerEngine->get()
#3 /home/brandon/Documents/Personal/Vaimo/VaimoTest/vendor/illuminate/view/View.php(106): Illuminate\View\View->getContents()
#4 /home/brandon/Documents/Personal/Vaimo/VaimoTest/vendor/illuminate/view/View.php(80): Illuminate\View\View->renderContents()
#5 /home/brandon/Documents/Personal/Vaimo/VaimoTest/vendor/illuminate/http/Response.php(52): Illuminate\View\View->render()
#6 /home/brandon/Documents/Personal/Vaimo/VaimoTest/vendor/symfony/http-foundation/Response.php(197): Illuminate\Http\Response->setContent()
#7 /home/brandon/Documents/Personal/Vaimo/VaimoTest/vendor/laravel/lumen-framework/src/Concerns/RoutesRequests.php(634): Symfony\Component\HttpFoundation\Response->__construct()
#8 /home/brandon/Documents/Personal/Vaimo/VaimoTest/vendor/laravel/lumen-framework/src/Concerns/RoutesRequests.php(496): Laravel\Lumen\Application->prepareResponse()
#9 /home/brandon/Documents/Personal/Vaimo/VaimoTest/vendor/laravel/lumen-framework/src/Concerns/RoutesRequests.php(470): Laravel\Lumen\Application->callActionOnArrayBasedRoute()
#10 /home/brandon/Documents/Personal/Vaimo/VaimoTest/vendor/laravel/lumen-framework/src/Concerns/RoutesRequests.php(372): Laravel\Lumen\Application->handleFoundRoute()
#11 /home/brandon/Documents/Personal/Vaimo/VaimoTest/vendor/laravel/lumen-framework/src/Concerns/RoutesRequests.php(620): Laravel\Lumen\Application->Laravel\Lumen\Concerns\{closure}()
#12 /home/brandon/Documents/Personal/Vaimo/VaimoTest/vendor/laravel/lumen-framework/src/Concerns/RoutesRequests.php(378): Laravel\Lumen\Application->sendThroughPipeline()
#13 /home/brandon/Documents/Personal/Vaimo/VaimoTest/vendor/laravel/lumen-framework/src/Concerns/RoutesRequests.php(323): Laravel\Lumen\Application->dispatch()
#14 /home/brandon/Documents/Personal/Vaimo/VaimoTest/public/index.php(28): Laravel\Lumen\Application->run()
#15 {main}  
[2020-08-04 22:34:57] lumen.ERROR: ErrorException: Use of undefined constant screen - assumed 'screen' (this will throw an Error in a future version of PHP) in /home/brandon/Documents/Personal/Vaimo/VaimoTest/storage/framework/views/315e8cfb007ecf2ec6492d63891fba317ea9955c.php:35
Stack trace:
#0 /home/brandon/Documents/Personal/Vaimo/VaimoTest/storage/framework/views/315e8cfb007ecf2ec6492d63891fba317ea9955c.php(35): Laravel\Lumen\Application->Laravel\Lumen\Concerns\{closure}()
#1 /home/brandon/Documents/Personal/Vaimo/VaimoTest/vendor/illuminate/view/Engines/PhpEngine.php(42): include('/home/brandon/D...')
#2 /home/brandon/Documents/Personal/Vaimo/VaimoTest/vendor/illuminate/view/Engines/CompilerEngine.php(59): Illuminate\View\Engines\PhpEngine->evaluatePath()
#3 /home/brandon/Documents/Personal/Vaimo/VaimoTest/vendor/illuminate/view/View.php(135): Illuminate\View\Engines\CompilerEngine->get()
#4 /home/brandon/Documents/Personal/Vaimo/VaimoTest/vendor/illuminate/view/View.php(106): Illuminate\View\View->getContents()
#5 /home/brandon/Documents/Personal/Vaimo/VaimoTest/vendor/illuminate/view/View.php(80): Illuminate\View\View->renderContents()
#6 /home/brandon/Documents/Personal/Vaimo/VaimoTest/vendor/illuminate/http/Response.php(52): Illuminate\View\View->render()
#7 /home/brandon/Documents/Personal/Vaimo/VaimoTest/vendor/symfony/http-foundation/Response.php(197): Illuminate\Http\Response->setContent()
#8 /home/brandon/Documents/Personal/Vaimo/VaimoTest/vendor/laravel/lumen-framework/src/Concerns/RoutesRequests.php(634): Symfony\Component\HttpFoundation\Response->__construct()
#9 /home/brandon/Documents/Personal/Vaimo/VaimoTest/vendor/laravel/lumen-framework/src/Concerns/RoutesRequests.php(496): Laravel\Lumen\Application->prepareResponse()
#10 /home/brandon/Documents/Personal/Vaimo/VaimoTest/vendor/laravel/lumen-framework/src/Concerns/RoutesRequests.php(470): Laravel\Lumen\Application->callActionOnArrayBasedRoute()
#11 /home/brandon/Documents/Personal/Vaimo/VaimoTest/vendor/laravel/lumen-framework/src/Concerns/RoutesRequests.php(372): Laravel\Lumen\Application->handleFoundRoute()
#12 /home/brandon/Documents/Personal/Vaimo/VaimoTest/vendor/laravel/lumen-framework/src/Concerns/RoutesRequests.php(620): Laravel\Lumen\Application->Laravel\Lumen\Concerns\{closure}()
#13 /home/brandon/Documents/Personal/Vaimo/VaimoTest/vendor/laravel/lumen-framework/src/Concerns/RoutesRequests.php(378): Laravel\Lumen\Application->sendThroughPipeline()
#14 /home/brandon/Documents/Personal/Vaimo/VaimoTest/vendor/laravel/lumen-framework/src/Concerns/RoutesRequests.php(323): Laravel\Lumen\Application->dispatch()
#15 /home/brandon/Documents/Personal/Vaimo/VaimoTest/public/index.php(28): Laravel\Lumen\Application->run()
#16 {main}

Next ErrorException: Use of undefined constant screen - assumed 'screen' (this will throw an Error in a future version of PHP) (View: /home/brandon/Documents/Personal/Vaimo/VaimoTest/resources/views/index.blade.php) in /home/brandon/Documents/Personal/Vaimo/VaimoTest/storage/framework/views/315e8cfb007ecf2ec6492d63891fba317ea9955c.php:35
Stack trace:
#0 /home/brandon/Documents/Personal/Vaimo/VaimoTest/vendor/illuminate/view/Engines/PhpEngine.php(44): Illuminate\View\Engines\CompilerEngine->handleViewException()
#1 /home/brandon/Documents/Personal/Vaimo/VaimoTest/vendor/illuminate/view/Engines/CompilerEngine.php(59): Illuminate\View\Engines\PhpEngine->evaluatePath()
#2 /home/brandon/Documents/Personal/Vaimo/VaimoTest/vendor/illuminate/view/View.php(135): Illuminate\View\Engines\CompilerEngine->get()
#3 /home/brandon/Documents/Personal/Vaimo/VaimoTest/vendor/illuminate/view/View.php(106): Illuminate\View\View->getContents()
#4 /home/brandon/Documents/Personal/Vaimo/VaimoTest/vendor/illuminate/view/View.php(80): Illuminate\View\View->renderContents()
#5 /home/brandon/Documents/Personal/Vaimo/VaimoTest/vendor/illuminate/http/Response.php(52): Illuminate\View\View->render()
#6 /home/brandon/Documents/Personal/Vaimo/VaimoTest/vendor/symfony/http-foundation/Response.php(197): Illuminate\Http\Response->setContent()
#7 /home/brandon/Documents/Personal/Vaimo/VaimoTest/vendor/laravel/lumen-framework/src/Concerns/RoutesRequests.php(634): Symfony\Component\HttpFoundation\Response->__construct()
#8 /home/brandon/Documents/Personal/Vaimo/VaimoTest/vendor/laravel/lumen-framework/src/Concerns/RoutesRequests.php(496): Laravel\Lumen\Application->prepareResponse()
#9 /home/brandon/Documents/Personal/Vaimo/VaimoTest/vendor/laravel/lumen-framework/src/Concerns/RoutesRequests.php(470): Laravel\Lumen\Application->callActionOnArrayBasedRoute()
#10 /home/brandon/Documents/Personal/Vaimo/VaimoTest/vendor/laravel/lumen-framework/src/Concerns/RoutesRequests.php(372): Laravel\Lumen\Application->handleFoundRoute()
#11 /home/brandon/Documents/Personal/Vaimo/VaimoTest/vendor/laravel/lumen-framework/src/Concerns/RoutesRequests.php(620): Laravel\Lumen\Application->Laravel\Lumen\Concerns\{closure}()
#12 /home/brandon/Documents/Personal/Vaimo/VaimoTest/vendor/laravel/lumen-framework/src/Concerns/RoutesRequests.php(378): Laravel\Lumen\Application->sendThroughPipeline()
#13 /home/brandon/Documents/Personal/Vaimo/VaimoTest/vendor/laravel/lumen-framework/src/Concerns/RoutesRequests.php(323): Laravel\Lumen\Application->dispatch()
#14 /home/brandon/Documents/Personal/Vaimo/VaimoTest/public/index.php(28): Laravel\Lumen\Application->run()
#15 {main}  
[2020-08-04 22:34:57] lumen.ERROR: ErrorException: Use of undefined constant screen - assumed 'screen' (this will throw an Error in a future version of PHP) in /home/brandon/Documents/Personal/Vaimo/VaimoTest/storage/framework/views/315e8cfb007ecf2ec6492d63891fba317ea9955c.php:35
Stack trace:
#0 /home/brandon/Documents/Personal/Vaimo/VaimoTest/storage/framework/views/315e8cfb007ecf2ec6492d63891fba317ea9955c.php(35): Laravel\Lumen\Application->Laravel\Lumen\Concerns\{closure}()
#1 /home/brandon/Documents/Personal/Vaimo/VaimoTest/vendor/illuminate/view/Engines/PhpEngine.php(42): include('/home/brandon/D...')
#2 /home/brandon/Documents/Personal/Vaimo/VaimoTest/vendor/illuminate/view/Engines/CompilerEngine.php(59): Illuminate\View\Engines\PhpEngine->evaluatePath()
#3 /home/brandon/Documents/Personal/Vaimo/VaimoTest/vendor/illuminate/view/View.php(135): Illuminate\View\Engines\CompilerEngine->get()
#4 /home/brandon/Documents/Personal/Vaimo/VaimoTest/vendor/illuminate/view/View.php(106): Illuminate\View\View->getContents()
#5 /home/brandon/Documents/Personal/Vaimo/VaimoTest/vendor/illuminate/view/View.php(80): Illuminate\View\View->renderContents()
#6 /home/brandon/Documents/Personal/Vaimo/VaimoTest/vendor/illuminate/http/Response.php(52): Illuminate\View\View->render()
#7 /home/brandon/Documents/Personal/Vaimo/VaimoTest/vendor/symfony/http-foundation/Response.php(197): Illuminate\Http\Response->setContent()
#8 /home/brandon/Documents/Personal/Vaimo/VaimoTest/vendor/laravel/lumen-framework/src/Concerns/RoutesRequests.php(634): Symfony\Component\HttpFoundation\Response->__construct()
#9 /home/brandon/Documents/Personal/Vaimo/VaimoTest/vendor/laravel/lumen-framework/src/Concerns/RoutesRequests.php(496): Laravel\Lumen\Application->prepareResponse()
#10 /home/brandon/Documents/Personal/Vaimo/VaimoTest/vendor/laravel/lumen-framework/src/Concerns/RoutesRequests.php(470): Laravel\Lumen\Application->callActionOnArrayBasedRoute()
#11 /home/brandon/Documents/Personal/Vaimo/VaimoTest/vendor/laravel/lumen-framework/src/Concerns/RoutesRequests.php(372): Laravel\Lumen\Application->handleFoundRoute()
#12 /home/brandon/Documents/Personal/Vaimo/VaimoTest/vendor/laravel/lumen-framework/src/Concerns/RoutesRequests.php(620): Laravel\Lumen\Application->Laravel\Lumen\Concerns\{closure}()
#13 /home/brandon/Documents/Personal/Vaimo/VaimoTest/vendor/laravel/lumen-framework/src/Concerns/RoutesRequests.php(378): Laravel\Lumen\Application->sendThroughPipeline()
#14 /home/brandon/Documents/Personal/Vaimo/VaimoTest/vendor/laravel/lumen-framework/src/Concerns/RoutesRequests.php(323): Laravel\Lumen\Application->dispatch()
#15 /home/brandon/Documents/Personal/Vaimo/VaimoTest/public/index.php(28): Laravel\Lumen\Application->run()
#16 {main}

Next ErrorException: Use of undefined constant screen - assumed 'screen' (this will throw an Error in a future version of PHP) (View: /home/brandon/Documents/Personal/Vaimo/VaimoTest/resources/views/index.blade.php) in /home/brandon/Documents/Personal/Vaimo/VaimoTest/storage/framework/views/315e8cfb007ecf2ec6492d63891fba317ea9955c.php:35
Stack trace:
#0 /home/brandon/Documents/Personal/Vaimo/VaimoTest/vendor/illuminate/view/Engines/PhpEngine.php(44): Illuminate\View\Engines\CompilerEngine->handleViewException()
#1 /home/brandon/Documents/Personal/Vaimo/VaimoTest/vendor/illuminate/view/Engines/CompilerEngine.php(59): Illuminate\View\Engines\PhpEngine->evaluatePath()
#2 /home/brandon/Documents/Personal/Vaimo/VaimoTest/vendor/illuminate/view/View.php(135): Illuminate\View\Engines\CompilerEngine->get()
#3 /home/brandon/Documents/Personal/Vaimo/VaimoTest/vendor/illuminate/view/View.php(106): Illuminate\View\View->getContents()
#4 /home/brandon/Documents/Personal/Vaimo/VaimoTest/vendor/illuminate/view/View.php(80): Illuminate\View\View->renderContents()
#5 /home/brandon/Documents/Personal/Vaimo/VaimoTest/vendor/illuminate/http/Response.php(52): Illuminate\View\View->render()
#6 /home/brandon/Documents/Personal/Vaimo/VaimoTest/vendor/symfony/http-foundation/Response.php(197): Illuminate\Http\Response->setContent()
#7 /home/brandon/Documents/Personal/Vaimo/VaimoTest/vendor/laravel/lumen-framework/src/Concerns/RoutesRequests.php(634): Symfony\Component\HttpFoundation\Response->__construct()
#8 /home/brandon/Documents/Personal/Vaimo/VaimoTest/vendor/laravel/lumen-framework/src/Concerns/RoutesRequests.php(496): Laravel\Lumen\Application->prepareResponse()
#9 /home/brandon/Documents/Personal/Vaimo/VaimoTest/vendor/laravel/lumen-framework/src/Concerns/RoutesRequests.php(470): Laravel\Lumen\Application->callActionOnArrayBasedRoute()
#10 /home/brandon/Documents/Personal/Vaimo/VaimoTest/vendor/laravel/lumen-framework/src/Concerns/RoutesRequests.php(372): Laravel\Lumen\Application->handleFoundRoute()
#11 /home/brandon/Documents/Personal/Vaimo/VaimoTest/vendor/laravel/lumen-framework/src/Concerns/RoutesRequests.php(620): Laravel\Lumen\Application->Laravel\Lumen\Concerns\{closure}()
#12 /home/brandon/Documents/Personal/Vaimo/VaimoTest/vendor/laravel/lumen-framework/src/Concerns/RoutesRequests.php(378): Laravel\Lumen\Application->sendThroughPipeline()
#13 /home/brandon/Documents/Personal/Vaimo/VaimoTest/vendor/laravel/lumen-framework/src/Concerns/RoutesRequests.php(323): Laravel\Lumen\Application->dispatch()
#14 /home/brandon/Documents/Personal/Vaimo/VaimoTest/public/index.php(28): Laravel\Lumen\Application->run()
#15 {main}  
[2020-08-04 22:34:57] lumen.ERROR: ErrorException: Use of undefined constant screen - assumed 'screen' (this will throw an Error in a future version of PHP) in /home/brandon/Documents/Personal/Vaimo/VaimoTest/storage/framework/views/315e8cfb007ecf2ec6492d63891fba317ea9955c.php:35
Stack trace:
#0 /home/brandon/Documents/Personal/Vaimo/VaimoTest/storage/framework/views/315e8cfb007ecf2ec6492d63891fba317ea9955c.php(35): Laravel\Lumen\Application->Laravel\Lumen\Concerns\{closure}()
#1 /home/brandon/Documents/Personal/Vaimo/VaimoTest/vendor/illuminate/view/Engines/PhpEngine.php(42): include('/home/brandon/D...')
#2 /home/brandon/Documents/Personal/Vaimo/VaimoTest/vendor/illuminate/view/Engines/CompilerEngine.php(59): Illuminate\View\Engines\PhpEngine->evaluatePath()
#3 /home/brandon/Documents/Personal/Vaimo/VaimoTest/vendor/illuminate/view/View.php(135): Illuminate\View\Engines\CompilerEngine->get()
#4 /home/brandon/Documents/Personal/Vaimo/VaimoTest/vendor/illuminate/view/View.php(106): Illuminate\View\View->getContents()
#5 /home/brandon/Documents/Personal/Vaimo/VaimoTest/vendor/illuminate/view/View.php(80): Illuminate\View\View->renderContents()
#6 /home/brandon/Documents/Personal/Vaimo/VaimoTest/vendor/illuminate/http/Response.php(52): Illuminate\View\View->render()
#7 /home/brandon/Documents/Personal/Vaimo/VaimoTest/vendor/symfony/http-foundation/Response.php(197): Illuminate\Http\Response->setContent()
#8 /home/brandon/Documents/Personal/Vaimo/VaimoTest/vendor/laravel/lumen-framework/src/Concerns/RoutesRequests.php(634): Symfony\Component\HttpFoundation\Response->__construct()
#9 /home/brandon/Documents/Personal/Vaimo/VaimoTest/vendor/laravel/lumen-framework/src/Concerns/RoutesRequests.php(496): Laravel\Lumen\Application->prepareResponse()
#10 /home/brandon/Documents/Personal/Vaimo/VaimoTest/vendor/laravel/lumen-framework/src/Concerns/RoutesRequests.php(470): Laravel\Lumen\Application->callActionOnArrayBasedRoute()
#11 /home/brandon/Documents/Personal/Vaimo/VaimoTest/vendor/laravel/lumen-framework/src/Concerns/RoutesRequests.php(372): Laravel\Lumen\Application->handleFoundRoute()
#12 /home/brandon/Documents/Personal/Vaimo/VaimoTest/vendor/laravel/lumen-framework/src/Concerns/RoutesRequests.php(620): Laravel\Lumen\Application->Laravel\Lumen\Concerns\{closure}()
#13 /home/brandon/Documents/Personal/Vaimo/VaimoTest/vendor/laravel/lumen-framework/src/Concerns/RoutesRequests.php(378): Laravel\Lumen\Application->sendThroughPipeline()
#14 /home/brandon/Documents/Personal/Vaimo/VaimoTest/vendor/laravel/lumen-framework/src/Concerns/RoutesRequests.php(323): Laravel\Lumen\Application->dispatch()
#15 /home/brandon/Documents/Personal/Vaimo/VaimoTest/public/index.php(28): Laravel\Lumen\Application->run()
#16 {main}

Next ErrorException: Use of undefined constant screen - assumed 'screen' (this will throw an Error in a future version of PHP) (View: /home/brandon/Documents/Personal/Vaimo/VaimoTest/resources/views/index.blade.php) in /home/brandon/Documents/Personal/Vaimo/VaimoTest/storage/framework/views/315e8cfb007ecf2ec6492d63891fba317ea9955c.php:35
Stack trace:
#0 /home/brandon/Documents/Personal/Vaimo/VaimoTest/vendor/illuminate/view/Engines/PhpEngine.php(44): Illuminate\View\Engines\CompilerEngine->handleViewException()
#1 /home/brandon/Documents/Personal/Vaimo/VaimoTest/vendor/illuminate/view/Engines/CompilerEngine.php(59): Illuminate\View\Engines\PhpEngine->evaluatePath()
#2 /home/brandon/Documents/Personal/Vaimo/VaimoTest/vendor/illuminate/view/View.php(135): Illuminate\View\Engines\CompilerEngine->get()
#3 /home/brandon/Documents/Personal/Vaimo/VaimoTest/vendor/illuminate/view/View.php(106): Illuminate\View\View->getContents()
#4 /home/brandon/Documents/Personal/Vaimo/VaimoTest/vendor/illuminate/view/View.php(80): Illuminate\View\View->renderContents()
#5 /home/brandon/Documents/Personal/Vaimo/VaimoTest/vendor/illuminate/http/Response.php(52): Illuminate\View\View->render()
#6 /home/brandon/Documents/Personal/Vaimo/VaimoTest/vendor/symfony/http-foundation/Response.php(197): Illuminate\Http\Response->setContent()
#7 /home/brandon/Documents/Personal/Vaimo/VaimoTest/vendor/laravel/lumen-framework/src/Concerns/RoutesRequests.php(634): Symfony\Component\HttpFoundation\Response->__construct()
#8 /home/brandon/Documents/Personal/Vaimo/VaimoTest/vendor/laravel/lumen-framework/src/Concerns/RoutesRequests.php(496): Laravel\Lumen\Application->prepareResponse()
#9 /home/brandon/Documents/Personal/Vaimo/VaimoTest/vendor/laravel/lumen-framework/src/Concerns/RoutesRequests.php(470): Laravel\Lumen\Application->callActionOnArrayBasedRoute()
#10 /home/brandon/Documents/Personal/Vaimo/VaimoTest/vendor/laravel/lumen-framework/src/Concerns/RoutesRequests.php(372): Laravel\Lumen\Application->handleFoundRoute()
#11 /home/brandon/Documents/Personal/Vaimo/VaimoTest/vendor/laravel/lumen-framework/src/Concerns/RoutesRequests.php(620): Laravel\Lumen\Application->Laravel\Lumen\Concerns\{closure}()
#12 /home/brandon/Documents/Personal/Vaimo/VaimoTest/vendor/laravel/lumen-framework/src/Concerns/RoutesRequests.php(378): Laravel\Lumen\Application->sendThroughPipeline()
#13 /home/brandon/Documents/Personal/Vaimo/VaimoTest/vendor/laravel/lumen-framework/src/Concerns/RoutesRequests.php(323): Laravel\Lumen\Application->dispatch()
#14 /home/brandon/Documents/Personal/Vaimo/VaimoTest/public/index.php(28): Laravel\Lumen\Application->run()
#15 {main}  
[2020-08-04 22:34:57] lumen.ERROR: ErrorException: Use of undefined constant screen - assumed 'screen' (this will throw an Error in a future version of PHP) in /home/brandon/Documents/Personal/Vaimo/VaimoTest/storage/framework/views/315e8cfb007ecf2ec6492d63891fba317ea9955c.php:35
Stack trace:
#0 /home/brandon/Documents/Personal/Vaimo/VaimoTest/storage/framework/views/315e8cfb007ecf2ec6492d63891fba317ea9955c.php(35): Laravel\Lumen\Application->Laravel\Lumen\Concerns\{closure}()
#1 /home/brandon/Documents/Personal/Vaimo/VaimoTest/vendor/illuminate/view/Engines/PhpEngine.php(42): include('/home/brandon/D...')
#2 /home/brandon/Documents/Personal/Vaimo/VaimoTest/vendor/illuminate/view/Engines/CompilerEngine.php(59): Illuminate\View\Engines\PhpEngine->evaluatePath()
#3 /home/brandon/Documents/Personal/Vaimo/VaimoTest/vendor/illuminate/view/View.php(135): Illuminate\View\Engines\CompilerEngine->get()
#4 /home/brandon/Documents/Personal/Vaimo/VaimoTest/vendor/illuminate/view/View.php(106): Illuminate\View\View->getContents()
#5 /home/brandon/Documents/Personal/Vaimo/VaimoTest/vendor/illuminate/view/View.php(80): Illuminate\View\View->renderContents()
#6 /home/brandon/Documents/Personal/Vaimo/VaimoTest/vendor/illuminate/http/Response.php(52): Illuminate\View\View->render()
#7 /home/brandon/Documents/Personal/Vaimo/VaimoTest/vendor/symfony/http-foundation/Response.php(197): Illuminate\Http\Response->setContent()
#8 /home/brandon/Documents/Personal/Vaimo/VaimoTest/vendor/laravel/lumen-framework/src/Concerns/RoutesRequests.php(634): Symfony\Component\HttpFoundation\Response->__construct()
#9 /home/brandon/Documents/Personal/Vaimo/VaimoTest/vendor/laravel/lumen-framework/src/Concerns/RoutesRequests.php(496): Laravel\Lumen\Application->prepareResponse()
#10 /home/brandon/Documents/Personal/Vaimo/VaimoTest/vendor/laravel/lumen-framework/src/Concerns/RoutesRequests.php(470): Laravel\Lumen\Application->callActionOnArrayBasedRoute()
#11 /home/brandon/Documents/Personal/Vaimo/VaimoTest/vendor/laravel/lumen-framework/src/Concerns/RoutesRequests.php(372): Laravel\Lumen\Application->handleFoundRoute()
#12 /home/brandon/Documents/Personal/Vaimo/VaimoTest/vendor/laravel/lumen-framework/src/Concerns/RoutesRequests.php(620): Laravel\Lumen\Application->Laravel\Lumen\Concerns\{closure}()
#13 /home/brandon/Documents/Personal/Vaimo/VaimoTest/vendor/laravel/lumen-framework/src/Concerns/RoutesRequests.php(378): Laravel\Lumen\Application->sendThroughPipeline()
#14 /home/brandon/Documents/Personal/Vaimo/VaimoTest/vendor/laravel/lumen-framework/src/Concerns/RoutesRequests.php(323): Laravel\Lumen\Application->dispatch()
#15 /home/brandon/Documents/Personal/Vaimo/VaimoTest/public/index.php(28): Laravel\Lumen\Application->run()
#16 {main}

Next ErrorException: Use of undefined constant screen - assumed 'screen' (this will throw an Error in a future version of PHP) (View: /home/brandon/Documents/Personal/Vaimo/VaimoTest/resources/views/index.blade.php) in /home/brandon/Documents/Personal/Vaimo/VaimoTest/storage/framework/views/315e8cfb007ecf2ec6492d63891fba317ea9955c.php:35
Stack trace:
#0 /home/brandon/Documents/Personal/Vaimo/VaimoTest/vendor/illuminate/view/Engines/PhpEngine.php(44): Illuminate\View\Engines\CompilerEngine->handleViewException()
#1 /home/brandon/Documents/Personal/Vaimo/VaimoTest/vendor/illuminate/view/Engines/CompilerEngine.php(59): Illuminate\View\Engines\PhpEngine->evaluatePath()
#2 /home/brandon/Documents/Personal/Vaimo/VaimoTest/vendor/illuminate/view/View.php(135): Illuminate\View\Engines\CompilerEngine->get()
#3 /home/brandon/Documents/Personal/Vaimo/VaimoTest/vendor/illuminate/view/View.php(106): Illuminate\View\View->getContents()
#4 /home/brandon/Documents/Personal/Vaimo/VaimoTest/vendor/illuminate/view/View.php(80): Illuminate\View\View->renderContents()
#5 /home/brandon/Documents/Personal/Vaimo/VaimoTest/vendor/illuminate/http/Response.php(52): Illuminate\View\View->render()
#6 /home/brandon/Documents/Personal/Vaimo/VaimoTest/vendor/symfony/http-foundation/Response.php(197): Illuminate\Http\Response->setContent()
#7 /home/brandon/Documents/Personal/Vaimo/VaimoTest/vendor/laravel/lumen-framework/src/Concerns/RoutesRequests.php(634): Symfony\Component\HttpFoundation\Response->__construct()
#8 /home/brandon/Documents/Personal/Vaimo/VaimoTest/vendor/laravel/lumen-framework/src/Concerns/RoutesRequests.php(496): Laravel\Lumen\Application->prepareResponse()
#9 /home/brandon/Documents/Personal/Vaimo/VaimoTest/vendor/laravel/lumen-framework/src/Concerns/RoutesRequests.php(470): Laravel\Lumen\Application->callActionOnArrayBasedRoute()
#10 /home/brandon/Documents/Personal/Vaimo/VaimoTest/vendor/laravel/lumen-framework/src/Concerns/RoutesRequests.php(372): Laravel\Lumen\Application->handleFoundRoute()
#11 /home/brandon/Documents/Personal/Vaimo/VaimoTest/vendor/laravel/lumen-framework/src/Concerns/RoutesRequests.php(620): Laravel\Lumen\Application->Laravel\Lumen\Concerns\{closure}()
#12 /home/brandon/Documents/Personal/Vaimo/VaimoTest/vendor/laravel/lumen-framework/src/Concerns/RoutesRequests.php(378): Laravel\Lumen\Application->sendThroughPipeline()
#13 /home/brandon/Documents/Personal/Vaimo/VaimoTest/vendor/laravel/lumen-framework/src/Concerns/RoutesRequests.php(323): Laravel\Lumen\Application->dispatch()
#14 /home/brandon/Documents/Personal/Vaimo/VaimoTest/public/index.php(28): Laravel\Lumen\Application->run()
#15 {main}  
[2020-08-04 22:36:18] lumen.ERROR: ErrorException: Use of undefined constant window - assumed 'window' (this will throw an Error in a future version of PHP) in /home/brandon/Documents/Personal/Vaimo/VaimoTest/storage/framework/views/315e8cfb007ecf2ec6492d63891fba317ea9955c.php:35
Stack trace:
#0 /home/brandon/Documents/Personal/Vaimo/VaimoTest/storage/framework/views/315e8cfb007ecf2ec6492d63891fba317ea9955c.php(35): Laravel\Lumen\Application->Laravel\Lumen\Concerns\{closure}()
#1 /home/brandon/Documents/Personal/Vaimo/VaimoTest/vendor/illuminate/view/Engines/PhpEngine.php(42): include('/home/brandon/D...')
#2 /home/brandon/Documents/Personal/Vaimo/VaimoTest/vendor/illuminate/view/Engines/CompilerEngine.php(59): Illuminate\View\Engines\PhpEngine->evaluatePath()
#3 /home/brandon/Documents/Personal/Vaimo/VaimoTest/vendor/illuminate/view/View.php(135): Illuminate\View\Engines\CompilerEngine->get()
#4 /home/brandon/Documents/Personal/Vaimo/VaimoTest/vendor/illuminate/view/View.php(106): Illuminate\View\View->getContents()
#5 /home/brandon/Documents/Personal/Vaimo/VaimoTest/vendor/illuminate/view/View.php(80): Illuminate\View\View->renderContents()
#6 /home/brandon/Documents/Personal/Vaimo/VaimoTest/vendor/illuminate/http/Response.php(52): Illuminate\View\View->render()
#7 /home/brandon/Documents/Personal/Vaimo/VaimoTest/vendor/symfony/http-foundation/Response.php(197): Illuminate\Http\Response->setContent()
#8 /home/brandon/Documents/Personal/Vaimo/VaimoTest/vendor/laravel/lumen-framework/src/Concerns/RoutesRequests.php(634): Symfony\Component\HttpFoundation\Response->__construct()
#9 /home/brandon/Documents/Personal/Vaimo/VaimoTest/vendor/laravel/lumen-framework/src/Concerns/RoutesRequests.php(496): Laravel\Lumen\Application->prepareResponse()
#10 /home/brandon/Documents/Personal/Vaimo/VaimoTest/vendor/laravel/lumen-framework/src/Concerns/RoutesRequests.php(470): Laravel\Lumen\Application->callActionOnArrayBasedRoute()
#11 /home/brandon/Documents/Personal/Vaimo/VaimoTest/vendor/laravel/lumen-framework/src/Concerns/RoutesRequests.php(372): Laravel\Lumen\Application->handleFoundRoute()
#12 /home/brandon/Documents/Personal/Vaimo/VaimoTest/vendor/laravel/lumen-framework/src/Concerns/RoutesRequests.php(620): Laravel\Lumen\Application->Laravel\Lumen\Concerns\{closure}()
#13 /home/brandon/Documents/Personal/Vaimo/VaimoTest/vendor/laravel/lumen-framework/src/Concerns/RoutesRequests.php(378): Laravel\Lumen\Application->sendThroughPipeline()
#14 /home/brandon/Documents/Personal/Vaimo/VaimoTest/vendor/laravel/lumen-framework/src/Concerns/RoutesRequests.php(323): Laravel\Lumen\Application->dispatch()
#15 /home/brandon/Documents/Personal/Vaimo/VaimoTest/public/index.php(28): Laravel\Lumen\Application->run()
#16 {main}

Next ErrorException: Use of undefined constant window - assumed 'window' (this will throw an Error in a future version of PHP) (View: /home/brandon/Documents/Personal/Vaimo/VaimoTest/resources/views/index.blade.php) in /home/brandon/Documents/Personal/Vaimo/VaimoTest/storage/framework/views/315e8cfb007ecf2ec6492d63891fba317ea9955c.php:35
Stack trace:
#0 /home/brandon/Documents/Personal/Vaimo/VaimoTest/vendor/illuminate/view/Engines/PhpEngine.php(44): Illuminate\View\Engines\CompilerEngine->handleViewException()
#1 /home/brandon/Documents/Personal/Vaimo/VaimoTest/vendor/illuminate/view/Engines/CompilerEngine.php(59): Illuminate\View\Engines\PhpEngine->evaluatePath()
#2 /home/brandon/Documents/Personal/Vaimo/VaimoTest/vendor/illuminate/view/View.php(135): Illuminate\View\Engines\CompilerEngine->get()
#3 /home/brandon/Documents/Personal/Vaimo/VaimoTest/vendor/illuminate/view/View.php(106): Illuminate\View\View->getContents()
#4 /home/brandon/Documents/Personal/Vaimo/VaimoTest/vendor/illuminate/view/View.php(80): Illuminate\View\View->renderContents()
#5 /home/brandon/Documents/Personal/Vaimo/VaimoTest/vendor/illuminate/http/Response.php(52): Illuminate\View\View->render()
#6 /home/brandon/Documents/Personal/Vaimo/VaimoTest/vendor/symfony/http-foundation/Response.php(197): Illuminate\Http\Response->setContent()
#7 /home/brandon/Documents/Personal/Vaimo/VaimoTest/vendor/laravel/lumen-framework/src/Concerns/RoutesRequests.php(634): Symfony\Component\HttpFoundation\Response->__construct()
#8 /home/brandon/Documents/Personal/Vaimo/VaimoTest/vendor/laravel/lumen-framework/src/Concerns/RoutesRequests.php(496): Laravel\Lumen\Application->prepareResponse()
#9 /home/brandon/Documents/Personal/Vaimo/VaimoTest/vendor/laravel/lumen-framework/src/Concerns/RoutesRequests.php(470): Laravel\Lumen\Application->callActionOnArrayBasedRoute()
#10 /home/brandon/Documents/Personal/Vaimo/VaimoTest/vendor/laravel/lumen-framework/src/Concerns/RoutesRequests.php(372): Laravel\Lumen\Application->handleFoundRoute()
#11 /home/brandon/Documents/Personal/Vaimo/VaimoTest/vendor/laravel/lumen-framework/src/Concerns/RoutesRequests.php(620): Laravel\Lumen\Application->Laravel\Lumen\Concerns\{closure}()
#12 /home/brandon/Documents/Personal/Vaimo/VaimoTest/vendor/laravel/lumen-framework/src/Concerns/RoutesRequests.php(378): Laravel\Lumen\Application->sendThroughPipeline()
#13 /home/brandon/Documents/Personal/Vaimo/VaimoTest/vendor/laravel/lumen-framework/src/Concerns/RoutesRequests.php(323): Laravel\Lumen\Application->dispatch()
#14 /home/brandon/Documents/Personal/Vaimo/VaimoTest/public/index.php(28): Laravel\Lumen\Application->run()
#15 {main}  
[2020-08-04 22:36:20] lumen.ERROR: ErrorException: Use of undefined constant window - assumed 'window' (this will throw an Error in a future version of PHP) in /home/brandon/Documents/Personal/Vaimo/VaimoTest/storage/framework/views/315e8cfb007ecf2ec6492d63891fba317ea9955c.php:35
Stack trace:
#0 /home/brandon/Documents/Personal/Vaimo/VaimoTest/storage/framework/views/315e8cfb007ecf2ec6492d63891fba317ea9955c.php(35): Laravel\Lumen\Application->Laravel\Lumen\Concerns\{closure}()
#1 /home/brandon/Documents/Personal/Vaimo/VaimoTest/vendor/illuminate/view/Engines/PhpEngine.php(42): include('/home/brandon/D...')
#2 /home/brandon/Documents/Personal/Vaimo/VaimoTest/vendor/illuminate/view/Engines/CompilerEngine.php(59): Illuminate\View\Engines\PhpEngine->evaluatePath()
#3 /home/brandon/Documents/Personal/Vaimo/VaimoTest/vendor/illuminate/view/View.php(135): Illuminate\View\Engines\CompilerEngine->get()
#4 /home/brandon/Documents/Personal/Vaimo/VaimoTest/vendor/illuminate/view/View.php(106): Illuminate\View\View->getContents()
#5 /home/brandon/Documents/Personal/Vaimo/VaimoTest/vendor/illuminate/view/View.php(80): Illuminate\View\View->renderContents()
#6 /home/brandon/Documents/Personal/Vaimo/VaimoTest/vendor/illuminate/http/Response.php(52): Illuminate\View\View->render()
#7 /home/brandon/Documents/Personal/Vaimo/VaimoTest/vendor/symfony/http-foundation/Response.php(197): Illuminate\Http\Response->setContent()
#8 /home/brandon/Documents/Personal/Vaimo/VaimoTest/vendor/laravel/lumen-framework/src/Concerns/RoutesRequests.php(634): Symfony\Component\HttpFoundation\Response->__construct()
#9 /home/brandon/Documents/Personal/Vaimo/VaimoTest/vendor/laravel/lumen-framework/src/Concerns/RoutesRequests.php(496): Laravel\Lumen\Application->prepareResponse()
#10 /home/brandon/Documents/Personal/Vaimo/VaimoTest/vendor/laravel/lumen-framework/src/Concerns/RoutesRequests.php(470): Laravel\Lumen\Application->callActionOnArrayBasedRoute()
#11 /home/brandon/Documents/Personal/Vaimo/VaimoTest/vendor/laravel/lumen-framework/src/Concerns/RoutesRequests.php(372): Laravel\Lumen\Application->handleFoundRoute()
#12 /home/brandon/Documents/Personal/Vaimo/VaimoTest/vendor/laravel/lumen-framework/src/Concerns/RoutesRequests.php(620): Laravel\Lumen\Application->Laravel\Lumen\Concerns\{closure}()
#13 /home/brandon/Documents/Personal/Vaimo/VaimoTest/vendor/laravel/lumen-framework/src/Concerns/RoutesRequests.php(378): Laravel\Lumen\Application->sendThroughPipeline()
#14 /home/brandon/Documents/Personal/Vaimo/VaimoTest/vendor/laravel/lumen-framework/src/Concerns/RoutesRequests.php(323): Laravel\Lumen\Application->dispatch()
#15 /home/brandon/Documents/Personal/Vaimo/VaimoTest/public/index.php(28): Laravel\Lumen\Application->run()
#16 {main}

Next ErrorException: Use of undefined constant window - assumed 'window' (this will throw an Error in a future version of PHP) (View: /home/brandon/Documents/Personal/Vaimo/VaimoTest/resources/views/index.blade.php) in /home/brandon/Documents/Personal/Vaimo/VaimoTest/storage/framework/views/315e8cfb007ecf2ec6492d63891fba317ea9955c.php:35
Stack trace:
#0 /home/brandon/Documents/Personal/Vaimo/VaimoTest/vendor/illuminate/view/Engines/PhpEngine.php(44): Illuminate\View\Engines\CompilerEngine->handleViewException()
#1 /home/brandon/Documents/Personal/Vaimo/VaimoTest/vendor/illuminate/view/Engines/CompilerEngine.php(59): Illuminate\View\Engines\PhpEngine->evaluatePath()
#2 /home/brandon/Documents/Personal/Vaimo/VaimoTest/vendor/illuminate/view/View.php(135): Illuminate\View\Engines\CompilerEngine->get()
#3 /home/brandon/Documents/Personal/Vaimo/VaimoTest/vendor/illuminate/view/View.php(106): Illuminate\View\View->getContents()
#4 /home/brandon/Documents/Personal/Vaimo/VaimoTest/vendor/illuminate/view/View.php(80): Illuminate\View\View->renderContents()
#5 /home/brandon/Documents/Personal/Vaimo/VaimoTest/vendor/illuminate/http/Response.php(52): Illuminate\View\View->render()
#6 /home/brandon/Documents/Personal/Vaimo/VaimoTest/vendor/symfony/http-foundation/Response.php(197): Illuminate\Http\Response->setContent()
#7 /home/brandon/Documents/Personal/Vaimo/VaimoTest/vendor/laravel/lumen-framework/src/Concerns/RoutesRequests.php(634): Symfony\Component\HttpFoundation\Response->__construct()
#8 /home/brandon/Documents/Personal/Vaimo/VaimoTest/vendor/laravel/lumen-framework/src/Concerns/RoutesRequests.php(496): Laravel\Lumen\Application->prepareResponse()
#9 /home/brandon/Documents/Personal/Vaimo/VaimoTest/vendor/laravel/lumen-framework/src/Concerns/RoutesRequests.php(470): Laravel\Lumen\Application->callActionOnArrayBasedRoute()
#10 /home/brandon/Documents/Personal/Vaimo/VaimoTest/vendor/laravel/lumen-framework/src/Concerns/RoutesRequests.php(372): Laravel\Lumen\Application->handleFoundRoute()
#11 /home/brandon/Documents/Personal/Vaimo/VaimoTest/vendor/laravel/lumen-framework/src/Concerns/RoutesRequests.php(620): Laravel\Lumen\Application->Laravel\Lumen\Concerns\{closure}()
#12 /home/brandon/Documents/Personal/Vaimo/VaimoTest/vendor/laravel/lumen-framework/src/Concerns/RoutesRequests.php(378): Laravel\Lumen\Application->sendThroughPipeline()
#13 /home/brandon/Documents/Personal/Vaimo/VaimoTest/vendor/laravel/lumen-framework/src/Concerns/RoutesRequests.php(323): Laravel\Lumen\Application->dispatch()
#14 /home/brandon/Documents/Personal/Vaimo/VaimoTest/public/index.php(28): Laravel\Lumen\Application->run()
#15 {main}  
